#
# There is insufficient memory for the Java Runtime Environment to continue.
# Native memory allocation (malloc) failed to allocate 32744 bytes for ChunkPool::allocate
# Possible reasons:
#   The system is out of physical RAM or swap space
#   The process is running with CompressedOops enabled, and the Java Heap may be blocking the growth of the native heap
# Possible solutions:
#   Reduce memory load on the system
#   Increase physical memory or swap space
#   Check if swap backing store is full
#   Decrease Java heap size (-Xmx/-Xms)
#   Decrease number of Java threads
#   Decrease Java thread stack sizes (-Xss)
#   Set larger code cache with -XX:ReservedCodeCacheSize=
#   JVM is running with Unscaled Compressed Oops mode in which the Java heap is
#     placed in the first 4GB address space. The Java Heap base address is the
#     maximum limit for the native heap growth. Please use -XX:HeapBaseMinAddress
#     to set the Java Heap base and to place the Java Heap above 4GB virtual address.
# This output file may be truncated or incomplete.
#
#  Out of Memory Error (src/hotspot/share/memory/arena.cpp:81), pid=14280, tid=8968
#
# JRE version: OpenJDK Runtime Environment (11.0.15) (build 11.0.15+0-b2043.56-9505619)
# Java VM: OpenJDK 64-Bit Server VM (11.0.15+0-b2043.56-9505619, mixed mode, tiered, compressed oops, g1 gc, windows-amd64)
# No core dump will be written. Minidumps are not enabled by default on client versions of Windows
#

---------------  S U M M A R Y ------------

Command Line: --add-opens=java.base/java.util=ALL-UNNAMED --add-opens=java.base/java.lang=ALL-UNNAMED --add-opens=java.base/java.lang.invoke=ALL-UNNAMED --add-opens=java.base/java.util=ALL-UNNAMED --add-opens=java.prefs/java.util.prefs=ALL-UNNAMED --add-opens=java.prefs/java.util.prefs=ALL-UNNAMED --add-opens=java.base/java.nio.charset=ALL-UNNAMED --add-opens=java.base/java.net=ALL-UNNAMED --add-opens=java.base/java.util.concurrent.atomic=ALL-UNNAMED -Xmx1536M -Dfile.encoding=windows-1252 -Duser.country=US -Duser.language=en -Duser.variant org.gradle.launcher.daemon.bootstrap.GradleDaemon 7.5

Host: AMD Athlon Silver 3050U with Radeon Graphics   , 2 cores, 3G,  Windows 10 , 64 bit Build 19041 (10.0.19041.2788)
Time: Fri May  5 14:54:44 2023 W. Central Africa Standard Time elapsed time: 113.059785 seconds (0d 0h 1m 53s)

---------------  T H R E A D  ---------------

Current thread (0x000002abfd256800):  JavaThread "C2 CompilerThread0" daemon [_thread_in_native, id=8968, stack(0x000000cf0c200000,0x000000cf0c300000)]


Current CompileTask:
C2: 113060 11479   !   4       org.gradle.api.internal.provider.DefaultValueSourceProviderFactory$LazilyObtainedValue::obtain (145 bytes)

Stack: [0x000000cf0c200000,0x000000cf0c300000]
Native frames: (J=compiled Java code, j=interpreted, Vv=VM code, C=native code)
V  [jvm.dll+0x64135a]
V  [jvm.dll+0x7d39f9]
V  [jvm.dll+0x7d51b9]
V  [jvm.dll+0x7d58a3]
V  [jvm.dll+0x2691c5]
V  [jvm.dll+0xc1cbf]
V  [jvm.dll+0xc200c]
V  [jvm.dll+0xc1b6b]
V  [jvm.dll+0x61e08f]
V  [jvm.dll+0x67315d]
V  [jvm.dll+0x1b39e0]
V  [jvm.dll+0x22163e]
V  [jvm.dll+0x220498]
V  [jvm.dll+0x19e851]
V  [jvm.dll+0x230479]
V  [jvm.dll+0x22e5ef]
V  [jvm.dll+0x794de1]
V  [jvm.dll+0x78dc24]
V  [jvm.dll+0x6400f6]
C  [ucrtbase.dll+0x21bb2]
C  [KERNEL32.DLL+0x17604]
C  [ntdll.dll+0x526a1]


---------------  P R O C E S S  ---------------

Threads class SMR info:
_java_thread_list=0x000002ab9340b3f0, length=57, elements={
0x000002abf3543800, 0x000002abfd1f2800, 0x000002abfd1f3800, 0x000002abfd251000,
0x000002abfd252000, 0x000002abfd253800, 0x000002abfd256800, 0x000002abfd2d3800,
0x000002abfd2db000, 0x000002abfd3d2800, 0x000002abfd7a9000, 0x000002abfe59f000,
0x000002abfe09e000, 0x000002abfdff3800, 0x000002abfdff4800, 0x000002abfd7a3800,
0x000002abfe9bd800, 0x000002abfdf73000, 0x000002abfe9cd000, 0x000002abfe9ce000,
0x000002abfd303800, 0x000002abfd302000, 0x000002abfd304800, 0x000002abfd305800,
0x000002abfd2ff800, 0x000002abfd300800, 0x000002abfd301800, 0x000002abfd303000,
0x000002abfd306000, 0x000002ab8f08c800, 0x000002ab8f08f000, 0x000002ab8f089800,
0x000002ab8f08e000, 0x000002ab8f08a000, 0x000002ab8f090800, 0x000002ab8f08d800,
0x000002ab8f08b800, 0x000002ab8f08b000, 0x000002ab8f094800, 0x000002ab8f092000,
0x000002ab8f091800, 0x000002ab8f093000, 0x000002ab8f094000, 0x000002ab8f095800,
0x000002ab8f097000, 0x000002ab8f098000, 0x000002ab8f096800, 0x000002abfee0b000,
0x000002abfee09800, 0x000002abfee08800, 0x000002abfee0c000, 0x000002abfee07000,
0x000002abfee0d800, 0x000002abfee0a800, 0x000002abfee08000, 0x000002abfee12800,
0x000002abfee11000
}

Java Threads: ( => current thread )
  0x000002abf3543800 JavaThread "main" [_thread_blocked, id=10896, stack(0x000000cf0b600000,0x000000cf0b700000)]
  0x000002abfd1f2800 JavaThread "Reference Handler" daemon [_thread_blocked, id=13384, stack(0x000000cf0bd00000,0x000000cf0be00000)]
  0x000002abfd1f3800 JavaThread "Finalizer" daemon [_thread_blocked, id=9732, stack(0x000000cf0be00000,0x000000cf0bf00000)]
  0x000002abfd251000 JavaThread "Signal Dispatcher" daemon [_thread_blocked, id=9580, stack(0x000000cf0bf00000,0x000000cf0c000000)]
  0x000002abfd252000 JavaThread "Attach Listener" daemon [_thread_blocked, id=8444, stack(0x000000cf0c000000,0x000000cf0c100000)]
  0x000002abfd253800 JavaThread "Service Thread" daemon [_thread_blocked, id=4300, stack(0x000000cf0c100000,0x000000cf0c200000)]
=>0x000002abfd256800 JavaThread "C2 CompilerThread0" daemon [_thread_in_native, id=8968, stack(0x000000cf0c200000,0x000000cf0c300000)]
  0x000002abfd2d3800 JavaThread "C1 CompilerThread0" daemon [_thread_blocked, id=13860, stack(0x000000cf0c300000,0x000000cf0c400000)]
  0x000002abfd2db000 JavaThread "Sweeper thread" daemon [_thread_blocked, id=13132, stack(0x000000cf0c400000,0x000000cf0c500000)]
  0x000002abfd3d2800 JavaThread "Common-Cleaner" daemon [_thread_blocked, id=7604, stack(0x000000cf0c500000,0x000000cf0c600000)]
  0x000002abfd7a9000 JavaThread "Daemon health stats" [_thread_blocked, id=14104, stack(0x000000cf0c800000,0x000000cf0c900000)]
  0x000002abfe59f000 JavaThread "Incoming local TCP Connector on port 62692" [_thread_in_native, id=3844, stack(0x000000cf0c900000,0x000000cf0ca00000)]
  0x000002abfe09e000 JavaThread "Daemon periodic checks" [_thread_blocked, id=10924, stack(0x000000cf0ca00000,0x000000cf0cb00000)]
  0x000002abfdff3800 JavaThread "Daemon" [_thread_blocked, id=11952, stack(0x000000cf0cb00000,0x000000cf0cc00000)]
  0x000002abfdff4800 JavaThread "Handler for socket connection from /127.0.0.1:62692 to /127.0.0.1:62693" [_thread_in_native, id=12248, stack(0x000000cf0cc00000,0x000000cf0cd00000)]
  0x000002abfd7a3800 JavaThread "Cancel handler" [_thread_blocked, id=11992, stack(0x000000cf0cd00000,0x000000cf0ce00000)]
  0x000002abfe9bd800 JavaThread "Daemon worker" [_thread_in_vm, id=4476, stack(0x000000cf0ce00000,0x000000cf0cf00000)]
  0x000002abfdf73000 JavaThread "Asynchronous log dispatcher for DefaultDaemonConnection: socket connection from /127.0.0.1:62692 to /127.0.0.1:62693" [_thread_blocked, id=7832, stack(0x000000cf0cf00000,0x000000cf0d000000)]
  0x000002abfe9cd000 JavaThread "Stdin handler" [_thread_blocked, id=11508, stack(0x000000cf0d000000,0x000000cf0d100000)]
  0x000002abfe9ce000 JavaThread "Daemon client event forwarder" [_thread_blocked, id=10176, stack(0x000000cf0d100000,0x000000cf0d200000)]
  0x000002abfd303800 JavaThread "Cache worker for journal cache (C:\Users\moh\.gradle\caches\journal-1)" [_thread_blocked, id=14208, stack(0x000000cf0d200000,0x000000cf0d300000)]
  0x000002abfd302000 JavaThread "File lock request listener" [_thread_in_native, id=5788, stack(0x000000cf0d300000,0x000000cf0d400000)]
  0x000002abfd304800 JavaThread "Cache worker for file hash cache (C:\Users\moh\.gradle\caches\7.5\fileHashes)" [_thread_blocked, id=10140, stack(0x000000cf0d400000,0x000000cf0d500000)]
  0x000002abfd305800 JavaThread "File watcher server" daemon [_thread_in_native, id=6292, stack(0x000000cf0d500000,0x000000cf0d600000)]
  0x000002abfd2ff800 JavaThread "File watcher consumer" daemon [_thread_blocked, id=11584, stack(0x000000cf0d600000,0x000000cf0d700000)]
  0x000002abfd300800 JavaThread "Cache worker for checksums cache (C:\Users\moh\Desktop\newprojectflutter\android\.gradle\7.5\checksums)" [_thread_blocked, id=2216, stack(0x000000cf0d700000,0x000000cf0d800000)]
  0x000002abfd301800 JavaThread "Cache worker for cache directory md-rule (C:\Users\moh\.gradle\caches\7.5\md-rule)" [_thread_blocked, id=9180, stack(0x000000cf0d800000,0x000000cf0d900000)]
  0x000002abfd303000 JavaThread "Cache worker for file content cache (C:\Users\moh\.gradle\caches\7.5\fileContent)" [_thread_blocked, id=2752, stack(0x000000cf0d900000,0x000000cf0da00000)]
  0x000002abfd306000 JavaThread "Cache worker for file hash cache (C:\Users\moh\Desktop\newprojectflutter\android\.gradle\7.5\fileHashes)" [_thread_blocked, id=12656, stack(0x000000cf0da00000,0x000000cf0db00000)]
  0x000002ab8f08c800 JavaThread "Cache worker for cache directory md-supplier (C:\Users\moh\.gradle\caches\7.5\md-supplier)" [_thread_blocked, id=11300, stack(0x000000cf0db00000,0x000000cf0dc00000)]
  0x000002ab8f08f000 JavaThread "Cache worker for execution history cache (C:\Users\moh\.gradle\caches\7.5\executionHistory)" [_thread_blocked, id=8436, stack(0x000000cf0dc00000,0x000000cf0dd00000)]
  0x000002ab8f089800 JavaThread "jar transforms" [_thread_blocked, id=4284, stack(0x000000cf0dd00000,0x000000cf0de00000)]
  0x000002ab8f08e000 JavaThread "jar transforms Thread 2" [_thread_blocked, id=11608, stack(0x000000cf0de00000,0x000000cf0df00000)]
  0x000002ab8f08a000 JavaThread "Cache worker for dependencies-accessors (C:\Users\moh\Desktop\newprojectflutter\android\.gradle\7.5\dependencies-accessors)" [_thread_blocked, id=11416, stack(0x000000cf0df00000,0x000000cf0e000000)]
  0x000002ab8f090800 JavaThread "Cache worker for Build Output Cleanup Cache (C:\Users\moh\Desktop\newprojectflutter\android\.gradle\buildOutputCleanup)" [_thread_blocked, id=14152, stack(0x000000cf0e000000,0x000000cf0e100000)]
  0x000002ab8f08d800 JavaThread "Unconstrained build operations" [_thread_blocked, id=3676, stack(0x000000cf0e100000,0x000000cf0e200000)]
  0x000002ab8f08b800 JavaThread "Unconstrained build operations Thread 2" [_thread_blocked, id=13376, stack(0x000000cf0e200000,0x000000cf0e300000)]
  0x000002ab8f08b000 JavaThread "Unconstrained build operations Thread 3" [_thread_blocked, id=13120, stack(0x000000cf0e300000,0x000000cf0e400000)]
  0x000002ab8f094800 JavaThread "Unconstrained build operations Thread 4" [_thread_blocked, id=12572, stack(0x000000cf0e400000,0x000000cf0e500000)]
  0x000002ab8f092000 JavaThread "Unconstrained build operations Thread 5" [_thread_blocked, id=5792, stack(0x000000cf0e500000,0x000000cf0e600000)]
  0x000002ab8f091800 JavaThread "Unconstrained build operations Thread 6" [_thread_blocked, id=7508, stack(0x000000cf0e600000,0x000000cf0e700000)]
  0x000002ab8f093000 JavaThread "Unconstrained build operations Thread 7" [_thread_blocked, id=8236, stack(0x000000cf0e700000,0x000000cf0e800000)]
  0x000002ab8f094000 JavaThread "Unconstrained build operations Thread 8" [_thread_blocked, id=8940, stack(0x000000cf0e800000,0x000000cf0e900000)]
  0x000002ab8f095800 JavaThread "Unconstrained build operations Thread 9" [_thread_blocked, id=12784, stack(0x000000cf0e900000,0x000000cf0ea00000)]
  0x000002ab8f097000 JavaThread "Unconstrained build operations Thread 10" [_thread_blocked, id=4336, stack(0x000000cf0ea00000,0x000000cf0eb00000)]
  0x000002ab8f098000 JavaThread "Unconstrained build operations Thread 11" [_thread_blocked, id=7828, stack(0x000000cf0eb00000,0x000000cf0ec00000)]
  0x000002ab8f096800 JavaThread "Unconstrained build operations Thread 12" [_thread_blocked, id=13180, stack(0x000000cf0ec00000,0x000000cf0ed00000)]
  0x000002abfee0b000 JavaThread "Unconstrained build operations Thread 13" [_thread_blocked, id=13820, stack(0x000000cf0ed00000,0x000000cf0ee00000)]
  0x000002abfee09800 JavaThread "Unconstrained build operations Thread 14" [_thread_blocked, id=13964, stack(0x000000cf0ee00000,0x000000cf0ef00000)]
  0x000002abfee08800 JavaThread "Unconstrained build operations Thread 15" [_thread_blocked, id=13272, stack(0x000000cf0ef00000,0x000000cf0f000000)]
  0x000002abfee0c000 JavaThread "Unconstrained build operations Thread 16" [_thread_blocked, id=10404, stack(0x000000cf0f000000,0x000000cf0f100000)]
  0x000002abfee07000 JavaThread "Unconstrained build operations Thread 17" [_thread_blocked, id=12544, stack(0x000000cf0f100000,0x000000cf0f200000)]
  0x000002abfee0d800 JavaThread "Unconstrained build operations Thread 18" [_thread_blocked, id=12616, stack(0x000000cf0f200000,0x000000cf0f300000)]
  0x000002abfee0a800 JavaThread "Unconstrained build operations Thread 19" [_thread_blocked, id=12408, stack(0x000000cf0f300000,0x000000cf0f400000)]
  0x000002abfee08000 JavaThread "Unconstrained build operations Thread 20" [_thread_blocked, id=11080, stack(0x000000cf0f400000,0x000000cf0f500000)]
  0x000002abfee12800 JavaThread "Memory manager" [_thread_blocked, id=14032, stack(0x000000cf0f700000,0x000000cf0f800000)]
  0x000002abfee11000 JavaThread "Cache worker for kotlin-dsl (C:\Users\moh\.gradle\caches\7.5\kotlin-dsl)" [_thread_blocked, id=5288, stack(0x000000cf0f800000,0x000000cf0f900000)]

Other Threads:
  0x000002abfd1c6000 VMThread "VM Thread" [stack: 0x000000cf0bc00000,0x000000cf0bd00000] [id=1628]
  0x000002abfd3fa800 WatcherThread [stack: 0x000000cf0c600000,0x000000cf0c700000] [id=13640]
  0x000002abf355e800 GCTaskThread "GC Thread#0" [stack: 0x000000cf0b700000,0x000000cf0b800000] [id=8776]
  0x000002abfd5ad000 GCTaskThread "GC Thread#1" [stack: 0x000000cf0c700000,0x000000cf0c800000] [id=13352]
  0x000002abf3583000 ConcurrentGCThread "G1 Main Marker" [stack: 0x000000cf0b800000,0x000000cf0b900000] [id=10456]
  0x000002abf3584800 ConcurrentGCThread "G1 Conc#0" [stack: 0x000000cf0b900000,0x000000cf0ba00000] [id=10992]
  0x000002abf35c1000 ConcurrentGCThread "G1 Refine#0" [stack: 0x000000cf0ba00000,0x000000cf0bb00000] [id=9636]
  0x000002abf35c2000 ConcurrentGCThread "G1 Young RemSet Sampling" [stack: 0x000000cf0bb00000,0x000000cf0bc00000] [id=13336]

Threads with active compile tasks:
C2 CompilerThread0   113167 11479   !   4       org.gradle.api.internal.provider.DefaultValueSourceProviderFactory$LazilyObtainedValue::obtain (145 bytes)

VM state:not at safepoint (normal execution)

VM Mutex/Monitor currently owned by a thread: None

Heap address: 0x00000000a0000000, size: 1536 MB, Compressed Oops mode: 32-bit
Narrow klass base: 0x0000000000000000, Narrow klass shift: 3
Compressed class space size: 1073741824 Address: 0x0000000100000000

Heap:
 garbage-first heap   total 253952K, used 143360K [0x00000000a0000000, 0x0000000100000000)
  region size 1024K, 6 young (6144K), 3 survivors (3072K)
 Metaspace       used 89223K, capacity 93424K, committed 93520K, reserved 1130496K
  class space    used 11735K, capacity 13051K, committed 13056K, reserved 1048576K
Heap Regions: E=young(eden), S=young(survivor), O=old, HS=humongous(starts), HC=humongous(continues), CS=collection set, F=free, A=archive, TAMS=top-at-mark-start (previous, next)
|   0|0x00000000a0000000, 0x00000000a0100000, 0x00000000a0100000|100%| O|  |TAMS 0x00000000a0100000, 0x00000000a0100000| Untracked 
|   1|0x00000000a0100000, 0x00000000a0200000, 0x00000000a0200000|100%| O|  |TAMS 0x00000000a0200000, 0x00000000a0200000| Untracked 
|   2|0x00000000a0200000, 0x00000000a0300000, 0x00000000a0300000|100%| O|  |TAMS 0x00000000a0300000, 0x00000000a0300000| Untracked 
|   3|0x00000000a0300000, 0x00000000a0400000, 0x00000000a0400000|100%| O|  |TAMS 0x00000000a0400000, 0x00000000a0400000| Untracked 
|   4|0x00000000a0400000, 0x00000000a0500000, 0x00000000a0500000|100%|HS|  |TAMS 0x00000000a0500000, 0x00000000a0500000| Complete 
|   5|0x00000000a0500000, 0x00000000a0600000, 0x00000000a0600000|100%|HC|  |TAMS 0x00000000a0600000, 0x00000000a0600000| Complete 
|   6|0x00000000a0600000, 0x00000000a0700000, 0x00000000a0700000|100%|HC|  |TAMS 0x00000000a0700000, 0x00000000a0700000| Complete 
|   7|0x00000000a0700000, 0x00000000a0800000, 0x00000000a0800000|100%| O|  |TAMS 0x00000000a0800000, 0x00000000a0800000| Untracked 
|   8|0x00000000a0800000, 0x00000000a0900000, 0x00000000a0900000|100%| O|  |TAMS 0x00000000a0900000, 0x00000000a0900000| Untracked 
|   9|0x00000000a0900000, 0x00000000a0a00000, 0x00000000a0a00000|100%| O|  |TAMS 0x00000000a0a00000, 0x00000000a0a00000| Untracked 
|  10|0x00000000a0a00000, 0x00000000a0b00000, 0x00000000a0b00000|100%| O|  |TAMS 0x00000000a0b00000, 0x00000000a0b00000| Untracked 
|  11|0x00000000a0b00000, 0x00000000a0c00000, 0x00000000a0c00000|100%| O|  |TAMS 0x00000000a0c00000, 0x00000000a0c00000| Untracked 
|  12|0x00000000a0c00000, 0x00000000a0d00000, 0x00000000a0d00000|100%| O|  |TAMS 0x00000000a0d00000, 0x00000000a0d00000| Untracked 
|  13|0x00000000a0d00000, 0x00000000a0e00000, 0x00000000a0e00000|100%| O|  |TAMS 0x00000000a0e00000, 0x00000000a0e00000| Untracked 
|  14|0x00000000a0e00000, 0x00000000a0f00000, 0x00000000a0f00000|100%| O|  |TAMS 0x00000000a0f00000, 0x00000000a0f00000| Untracked 
|  15|0x00000000a0f00000, 0x00000000a1000000, 0x00000000a1000000|100%| O|  |TAMS 0x00000000a1000000, 0x00000000a1000000| Untracked 
|  16|0x00000000a1000000, 0x00000000a1100000, 0x00000000a1100000|100%| O|  |TAMS 0x00000000a1100000, 0x00000000a1100000| Untracked 
|  17|0x00000000a1100000, 0x00000000a1200000, 0x00000000a1200000|100%| O|  |TAMS 0x00000000a1200000, 0x00000000a1200000| Untracked 
|  18|0x00000000a1200000, 0x00000000a1300000, 0x00000000a1300000|100%| O|  |TAMS 0x00000000a1300000, 0x00000000a1300000| Untracked 
|  19|0x00000000a1300000, 0x00000000a1400000, 0x00000000a1400000|100%| O|  |TAMS 0x00000000a1400000, 0x00000000a1400000| Untracked 
|  20|0x00000000a1400000, 0x00000000a1500000, 0x00000000a1500000|100%| O|  |TAMS 0x00000000a1500000, 0x00000000a1500000| Untracked 
|  21|0x00000000a1500000, 0x00000000a1600000, 0x00000000a1600000|100%| O|  |TAMS 0x00000000a1600000, 0x00000000a1600000| Untracked 
|  22|0x00000000a1600000, 0x00000000a1700000, 0x00000000a1700000|100%| O|  |TAMS 0x00000000a1700000, 0x00000000a1700000| Untracked 
|  23|0x00000000a1700000, 0x00000000a1800000, 0x00000000a1800000|100%| O|  |TAMS 0x00000000a1800000, 0x00000000a1800000| Untracked 
|  24|0x00000000a1800000, 0x00000000a1900000, 0x00000000a1900000|100%| O|  |TAMS 0x00000000a1900000, 0x00000000a1900000| Untracked 
|  25|0x00000000a1900000, 0x00000000a1a00000, 0x00000000a1a00000|100%| O|  |TAMS 0x00000000a1a00000, 0x00000000a1a00000| Untracked 
|  26|0x00000000a1a00000, 0x00000000a1b00000, 0x00000000a1b00000|100%| O|  |TAMS 0x00000000a1b00000, 0x00000000a1b00000| Untracked 
|  27|0x00000000a1b00000, 0x00000000a1c00000, 0x00000000a1c00000|100%| O|  |TAMS 0x00000000a1c00000, 0x00000000a1c00000| Untracked 
|  28|0x00000000a1c00000, 0x00000000a1d00000, 0x00000000a1d00000|100%| O|  |TAMS 0x00000000a1d00000, 0x00000000a1d00000| Untracked 
|  29|0x00000000a1d00000, 0x00000000a1e00000, 0x00000000a1e00000|100%| O|  |TAMS 0x00000000a1e00000, 0x00000000a1e00000| Untracked 
|  30|0x00000000a1e00000, 0x00000000a1f00000, 0x00000000a1f00000|100%| O|  |TAMS 0x00000000a1f00000, 0x00000000a1f00000| Untracked 
|  31|0x00000000a1f00000, 0x00000000a2000000, 0x00000000a2000000|100%| O|  |TAMS 0x00000000a2000000, 0x00000000a2000000| Untracked 
|  32|0x00000000a2000000, 0x00000000a2100000, 0x00000000a2100000|100%| O|  |TAMS 0x00000000a2100000, 0x00000000a2100000| Untracked 
|  33|0x00000000a2100000, 0x00000000a2200000, 0x00000000a2200000|100%| O|  |TAMS 0x00000000a2200000, 0x00000000a2200000| Untracked 
|  34|0x00000000a2200000, 0x00000000a2300000, 0x00000000a2300000|100%| O|  |TAMS 0x00000000a2300000, 0x00000000a2300000| Untracked 
|  35|0x00000000a2300000, 0x00000000a2400000, 0x00000000a2400000|100%|HS|  |TAMS 0x00000000a2400000, 0x00000000a2400000| Complete 
|  36|0x00000000a2400000, 0x00000000a2500000, 0x00000000a2500000|100%|HS|  |TAMS 0x00000000a2500000, 0x00000000a2500000| Complete 
|  37|0x00000000a2500000, 0x00000000a2600000, 0x00000000a2600000|100%|HS|  |TAMS 0x00000000a2600000, 0x00000000a2600000| Complete 
|  38|0x00000000a2600000, 0x00000000a2700000, 0x00000000a2700000|100%| O|  |TAMS 0x00000000a2700000, 0x00000000a2700000| Untracked 
|  39|0x00000000a2700000, 0x00000000a2800000, 0x00000000a2800000|100%| O|  |TAMS 0x00000000a2800000, 0x00000000a2800000| Untracked 
|  40|0x00000000a2800000, 0x00000000a2900000, 0x00000000a2900000|100%|HS|  |TAMS 0x00000000a2900000, 0x00000000a2900000| Complete 
|  41|0x00000000a2900000, 0x00000000a2a00000, 0x00000000a2a00000|100%|HC|  |TAMS 0x00000000a2a00000, 0x00000000a2a00000| Complete 
|  42|0x00000000a2a00000, 0x00000000a2b00000, 0x00000000a2b00000|100%|HC|  |TAMS 0x00000000a2b00000, 0x00000000a2b00000| Complete 
|  43|0x00000000a2b00000, 0x00000000a2c00000, 0x00000000a2c00000|100%| O|  |TAMS 0x00000000a2c00000, 0x00000000a2c00000| Untracked 
|  44|0x00000000a2c00000, 0x00000000a2d00000, 0x00000000a2d00000|100%| O|  |TAMS 0x00000000a2d00000, 0x00000000a2d00000| Untracked 
|  45|0x00000000a2d00000, 0x00000000a2e00000, 0x00000000a2e00000|100%| O|  |TAMS 0x00000000a2e00000, 0x00000000a2e00000| Untracked 
|  46|0x00000000a2e00000, 0x00000000a2f00000, 0x00000000a2f00000|100%| O|  |TAMS 0x00000000a2f00000, 0x00000000a2f00000| Untracked 
|  47|0x00000000a2f00000, 0x00000000a3000000, 0x00000000a3000000|100%| O|  |TAMS 0x00000000a3000000, 0x00000000a3000000| Untracked 
|  48|0x00000000a3000000, 0x00000000a3100000, 0x00000000a3100000|100%| O|  |TAMS 0x00000000a3100000, 0x00000000a3100000| Untracked 
|  49|0x00000000a3100000, 0x00000000a3200000, 0x00000000a3200000|100%| O|  |TAMS 0x00000000a3200000, 0x00000000a3200000| Untracked 
|  50|0x00000000a3200000, 0x00000000a3300000, 0x00000000a3300000|100%| O|  |TAMS 0x00000000a3300000, 0x00000000a3300000| Untracked 
|  51|0x00000000a3300000, 0x00000000a3400000, 0x00000000a3400000|100%| O|  |TAMS 0x00000000a3400000, 0x00000000a3400000| Untracked 
|  52|0x00000000a3400000, 0x00000000a3500000, 0x00000000a3500000|100%| O|  |TAMS 0x00000000a3500000, 0x00000000a3500000| Untracked 
|  53|0x00000000a3500000, 0x00000000a3600000, 0x00000000a3600000|100%| O|  |TAMS 0x00000000a3600000, 0x00000000a3600000| Untracked 
|  54|0x00000000a3600000, 0x00000000a3700000, 0x00000000a3700000|100%| O|  |TAMS 0x00000000a3700000, 0x00000000a3700000| Untracked 
|  55|0x00000000a3700000, 0x00000000a3800000, 0x00000000a3800000|100%| O|  |TAMS 0x00000000a3800000, 0x00000000a3800000| Untracked 
|  56|0x00000000a3800000, 0x00000000a3900000, 0x00000000a3900000|100%| O|  |TAMS 0x00000000a3900000, 0x00000000a3900000| Untracked 
|  57|0x00000000a3900000, 0x00000000a3a00000, 0x00000000a3a00000|100%| O|  |TAMS 0x00000000a3a00000, 0x00000000a3a00000| Untracked 
|  58|0x00000000a3a00000, 0x00000000a3b00000, 0x00000000a3b00000|100%| O|  |TAMS 0x00000000a3b00000, 0x00000000a3b00000| Untracked 
|  59|0x00000000a3b00000, 0x00000000a3c00000, 0x00000000a3c00000|100%| O|  |TAMS 0x00000000a3c00000, 0x00000000a3c00000| Untracked 
|  60|0x00000000a3c00000, 0x00000000a3d00000, 0x00000000a3d00000|100%| O|  |TAMS 0x00000000a3d00000, 0x00000000a3d00000| Untracked 
|  61|0x00000000a3d00000, 0x00000000a3e00000, 0x00000000a3e00000|100%|HS|  |TAMS 0x00000000a3e00000, 0x00000000a3e00000| Complete 
|  62|0x00000000a3e00000, 0x00000000a3f00000, 0x00000000a3f00000|100%| O|  |TAMS 0x00000000a3f00000, 0x00000000a3f00000| Untracked 
|  63|0x00000000a3f00000, 0x00000000a4000000, 0x00000000a4000000|100%|HS|  |TAMS 0x00000000a4000000, 0x00000000a4000000| Complete 
|  64|0x00000000a4000000, 0x00000000a4100000, 0x00000000a4100000|100%| O|  |TAMS 0x00000000a4100000, 0x00000000a4100000| Untracked 
|  65|0x00000000a4100000, 0x00000000a4200000, 0x00000000a4200000|100%| O|  |TAMS 0x00000000a4200000, 0x00000000a4200000| Untracked 
|  66|0x00000000a4200000, 0x00000000a4300000, 0x00000000a4300000|100%|HS|  |TAMS 0x00000000a4300000, 0x00000000a4300000| Complete 
|  67|0x00000000a4300000, 0x00000000a4400000, 0x00000000a4400000|100%|HC|  |TAMS 0x00000000a4400000, 0x00000000a4400000| Complete 
|  68|0x00000000a4400000, 0x00000000a4500000, 0x00000000a4500000|100%| O|  |TAMS 0x00000000a4500000, 0x00000000a4500000| Untracked 
|  69|0x00000000a4500000, 0x00000000a4600000, 0x00000000a4600000|100%| O|  |TAMS 0x00000000a4600000, 0x00000000a4600000| Untracked 
|  70|0x00000000a4600000, 0x00000000a4700000, 0x00000000a4700000|100%| O|  |TAMS 0x00000000a4700000, 0x00000000a4700000| Untracked 
|  71|0x00000000a4700000, 0x00000000a4800000, 0x00000000a4800000|100%| O|  |TAMS 0x00000000a4800000, 0x00000000a4800000| Untracked 
|  72|0x00000000a4800000, 0x00000000a4900000, 0x00000000a4900000|100%| O|  |TAMS 0x00000000a4900000, 0x00000000a4900000| Untracked 
|  73|0x00000000a4900000, 0x00000000a4a00000, 0x00000000a4a00000|100%| O|  |TAMS 0x00000000a4a00000, 0x00000000a4a00000| Untracked 
|  74|0x00000000a4a00000, 0x00000000a4b00000, 0x00000000a4b00000|100%| O|  |TAMS 0x00000000a4b00000, 0x00000000a4b00000| Untracked 
|  75|0x00000000a4b00000, 0x00000000a4c00000, 0x00000000a4c00000|100%| O|  |TAMS 0x00000000a4c00000, 0x00000000a4c00000| Untracked 
|  76|0x00000000a4c00000, 0x00000000a4d00000, 0x00000000a4d00000|100%| O|  |TAMS 0x00000000a4d00000, 0x00000000a4d00000| Untracked 
|  77|0x00000000a4d00000, 0x00000000a4e00000, 0x00000000a4e00000|100%| O|  |TAMS 0x00000000a4e00000, 0x00000000a4e00000| Untracked 
|  78|0x00000000a4e00000, 0x00000000a4f00000, 0x00000000a4f00000|100%| O|  |TAMS 0x00000000a4f00000, 0x00000000a4f00000| Untracked 
|  79|0x00000000a4f00000, 0x00000000a5000000, 0x00000000a5000000|100%| O|  |TAMS 0x00000000a5000000, 0x00000000a5000000| Untracked 
|  80|0x00000000a5000000, 0x00000000a5100000, 0x00000000a5100000|100%| O|  |TAMS 0x00000000a5100000, 0x00000000a5100000| Untracked 
|  81|0x00000000a5100000, 0x00000000a5200000, 0x00000000a5200000|100%| O|  |TAMS 0x00000000a5200000, 0x00000000a5200000| Untracked 
|  82|0x00000000a5200000, 0x00000000a5300000, 0x00000000a5300000|100%| O|  |TAMS 0x00000000a5300000, 0x00000000a5300000| Untracked 
|  83|0x00000000a5300000, 0x00000000a5400000, 0x00000000a5400000|100%| O|  |TAMS 0x00000000a5400000, 0x00000000a5400000| Untracked 
|  84|0x00000000a5400000, 0x00000000a5500000, 0x00000000a5500000|100%| O|  |TAMS 0x00000000a5500000, 0x00000000a5500000| Untracked 
|  85|0x00000000a5500000, 0x00000000a5600000, 0x00000000a5600000|100%|HS|  |TAMS 0x00000000a5600000, 0x00000000a5600000| Complete 
|  86|0x00000000a5600000, 0x00000000a5700000, 0x00000000a5700000|100%|HS|  |TAMS 0x00000000a5700000, 0x00000000a5700000| Complete 
|  87|0x00000000a5700000, 0x00000000a5800000, 0x00000000a5800000|100%| O|  |TAMS 0x00000000a5800000, 0x00000000a5800000| Untracked 
|  88|0x00000000a5800000, 0x00000000a5900000, 0x00000000a5900000|100%| O|  |TAMS 0x00000000a5900000, 0x00000000a5900000| Untracked 
|  89|0x00000000a5900000, 0x00000000a5a00000, 0x00000000a5a00000|100%| O|  |TAMS 0x00000000a5a00000, 0x00000000a5a00000| Untracked 
|  90|0x00000000a5a00000, 0x00000000a5b00000, 0x00000000a5b00000|100%| O|  |TAMS 0x00000000a5b00000, 0x00000000a5b00000| Untracked 
|  91|0x00000000a5b00000, 0x00000000a5c00000, 0x00000000a5c00000|100%| O|  |TAMS 0x00000000a5c00000, 0x00000000a5c00000| Untracked 
|  92|0x00000000a5c00000, 0x00000000a5d00000, 0x00000000a5d00000|100%| O|  |TAMS 0x00000000a5d00000, 0x00000000a5d00000| Untracked 
|  93|0x00000000a5d00000, 0x00000000a5e00000, 0x00000000a5e00000|100%| O|  |TAMS 0x00000000a5e00000, 0x00000000a5e00000| Untracked 
|  94|0x00000000a5e00000, 0x00000000a5f00000, 0x00000000a5f00000|100%|HS|  |TAMS 0x00000000a5f00000, 0x00000000a5f00000| Complete 
|  95|0x00000000a5f00000, 0x00000000a6000000, 0x00000000a6000000|100%|HC|  |TAMS 0x00000000a6000000, 0x00000000a6000000| Complete 
|  96|0x00000000a6000000, 0x00000000a6100000, 0x00000000a6100000|100%| O|  |TAMS 0x00000000a6100000, 0x00000000a6100000| Untracked 
|  97|0x00000000a6100000, 0x00000000a6200000, 0x00000000a6200000|100%| O|  |TAMS 0x00000000a6200000, 0x00000000a6200000| Untracked 
|  98|0x00000000a6200000, 0x00000000a6300000, 0x00000000a6300000|100%| O|  |TAMS 0x00000000a6300000, 0x00000000a6300000| Untracked 
|  99|0x00000000a6300000, 0x00000000a6400000, 0x00000000a6400000|100%| O|  |TAMS 0x00000000a6400000, 0x00000000a6400000| Untracked 
| 100|0x00000000a6400000, 0x00000000a6500000, 0x00000000a6500000|100%|HS|  |TAMS 0x00000000a6500000, 0x00000000a6500000| Complete 
| 101|0x00000000a6500000, 0x00000000a6600000, 0x00000000a6600000|100%| O|  |TAMS 0x00000000a6600000, 0x00000000a6600000| Untracked 
| 102|0x00000000a6600000, 0x00000000a6700000, 0x00000000a6700000|100%| O|  |TAMS 0x00000000a6700000, 0x00000000a6700000| Untracked 
| 103|0x00000000a6700000, 0x00000000a6800000, 0x00000000a6800000|100%| O|  |TAMS 0x00000000a6800000, 0x00000000a6800000| Untracked 
| 104|0x00000000a6800000, 0x00000000a6900000, 0x00000000a6900000|100%| O|  |TAMS 0x00000000a6900000, 0x00000000a6900000| Untracked 
| 105|0x00000000a6900000, 0x00000000a6a00000, 0x00000000a6a00000|100%|HS|  |TAMS 0x00000000a6a00000, 0x00000000a6a00000| Complete 
| 106|0x00000000a6a00000, 0x00000000a6b00000, 0x00000000a6b00000|100%| O|  |TAMS 0x00000000a6b00000, 0x00000000a6b00000| Untracked 
| 107|0x00000000a6b00000, 0x00000000a6c00000, 0x00000000a6c00000|100%| O|  |TAMS 0x00000000a6c00000, 0x00000000a6c00000| Untracked 
| 108|0x00000000a6c00000, 0x00000000a6d00000, 0x00000000a6d00000|100%|HS|  |TAMS 0x00000000a6d00000, 0x00000000a6d00000| Complete 
| 109|0x00000000a6d00000, 0x00000000a6e00000, 0x00000000a6e00000|100%|HS|  |TAMS 0x00000000a6e00000, 0x00000000a6e00000| Complete 
| 110|0x00000000a6e00000, 0x00000000a6f00000, 0x00000000a6f00000|100%| O|  |TAMS 0x00000000a6f00000, 0x00000000a6f00000| Untracked 
| 111|0x00000000a6f00000, 0x00000000a7000000, 0x00000000a7000000|100%| O|  |TAMS 0x00000000a7000000, 0x00000000a7000000| Untracked 
| 112|0x00000000a7000000, 0x00000000a7100000, 0x00000000a7100000|100%| O|  |TAMS 0x00000000a7100000, 0x00000000a7100000| Untracked 
| 113|0x00000000a7100000, 0x00000000a7200000, 0x00000000a7200000|100%| O|  |TAMS 0x00000000a7200000, 0x00000000a7200000| Untracked 
| 114|0x00000000a7200000, 0x00000000a7300000, 0x00000000a7300000|100%| O|  |TAMS 0x00000000a7300000, 0x00000000a7300000| Untracked 
| 115|0x00000000a7300000, 0x00000000a7400000, 0x00000000a7400000|100%| O|  |TAMS 0x00000000a7400000, 0x00000000a7400000| Untracked 
| 116|0x00000000a7400000, 0x00000000a7500000, 0x00000000a7500000|100%| O|  |TAMS 0x00000000a7500000, 0x00000000a7500000| Untracked 
| 117|0x00000000a7500000, 0x00000000a7600000, 0x00000000a7600000|100%| O|  |TAMS 0x00000000a7600000, 0x00000000a7600000| Untracked 
| 118|0x00000000a7600000, 0x00000000a7700000, 0x00000000a7700000|100%| O|  |TAMS 0x00000000a7700000, 0x00000000a7700000| Untracked 
| 119|0x00000000a7700000, 0x00000000a7800000, 0x00000000a7800000|100%| O|  |TAMS 0x00000000a7744400, 0x00000000a7800000| Untracked 
| 120|0x00000000a7800000, 0x00000000a7900000, 0x00000000a7900000|100%| O|  |TAMS 0x00000000a7800000, 0x00000000a7900000| Untracked 
| 121|0x00000000a7900000, 0x00000000a7a00000, 0x00000000a7a00000|100%| O|  |TAMS 0x00000000a7900000, 0x00000000a7a00000| Untracked 
| 122|0x00000000a7a00000, 0x00000000a7b00000, 0x00000000a7b00000|100%| O|  |TAMS 0x00000000a7a00000, 0x00000000a7b00000| Untracked 
| 123|0x00000000a7b00000, 0x00000000a7c00000, 0x00000000a7c00000|100%| O|  |TAMS 0x00000000a7b00000, 0x00000000a7c00000| Untracked 
| 124|0x00000000a7c00000, 0x00000000a7d00000, 0x00000000a7d00000|100%| O|  |TAMS 0x00000000a7c00000, 0x00000000a7d00000| Untracked 
| 125|0x00000000a7d00000, 0x00000000a7e00000, 0x00000000a7e00000|100%| O|  |TAMS 0x00000000a7d00000, 0x00000000a7e00000| Untracked 
| 126|0x00000000a7e00000, 0x00000000a7f00000, 0x00000000a7f00000|100%| O|  |TAMS 0x00000000a7e00000, 0x00000000a7f00000| Untracked 
| 127|0x00000000a7f00000, 0x00000000a8000000, 0x00000000a8000000|100%| O|  |TAMS 0x00000000a7f00000, 0x00000000a8000000| Untracked 
| 128|0x00000000a8000000, 0x00000000a8100000, 0x00000000a8100000|100%| O|  |TAMS 0x00000000a8000000, 0x00000000a8100000| Untracked 
| 129|0x00000000a8100000, 0x00000000a8200000, 0x00000000a8200000|100%| O|  |TAMS 0x00000000a8100000, 0x00000000a8200000| Untracked 
| 130|0x00000000a8200000, 0x00000000a8300000, 0x00000000a8300000|100%| O|  |TAMS 0x00000000a8200000, 0x00000000a8300000| Untracked 
| 131|0x00000000a8300000, 0x00000000a8400000, 0x00000000a8400000|100%| O|  |TAMS 0x00000000a8300000, 0x00000000a8400000| Untracked 
| 132|0x00000000a8400000, 0x00000000a8500000, 0x00000000a8500000|100%| O|  |TAMS 0x00000000a8400000, 0x00000000a8500000| Untracked 
| 133|0x00000000a8500000, 0x00000000a8600000, 0x00000000a8600000|100%| O|  |TAMS 0x00000000a8500000, 0x00000000a8600000| Untracked 
| 134|0x00000000a8600000, 0x00000000a8700000, 0x00000000a8700000|100%| O|  |TAMS 0x00000000a8600000, 0x00000000a8700000| Untracked 
| 135|0x00000000a8700000, 0x00000000a8700000, 0x00000000a8800000|  0%| F|  |TAMS 0x00000000a8700000, 0x00000000a8700000| Untracked 
| 136|0x00000000a8800000, 0x00000000a8800000, 0x00000000a8900000|  0%| F|  |TAMS 0x00000000a8800000, 0x00000000a8800000| Untracked 
| 137|0x00000000a8900000, 0x00000000a8900000, 0x00000000a8a00000|  0%| F|  |TAMS 0x00000000a8900000, 0x00000000a8900000| Untracked 
| 138|0x00000000a8a00000, 0x00000000a8a00000, 0x00000000a8b00000|  0%| F|  |TAMS 0x00000000a8a00000, 0x00000000a8a00000| Untracked 
| 139|0x00000000a8b00000, 0x00000000a8b00000, 0x00000000a8c00000|  0%| F|  |TAMS 0x00000000a8b00000, 0x00000000a8b00000| Untracked 
| 140|0x00000000a8c00000, 0x00000000a8c00000, 0x00000000a8d00000|  0%| F|  |TAMS 0x00000000a8c00000, 0x00000000a8c00000| Untracked 
| 141|0x00000000a8d00000, 0x00000000a8d00000, 0x00000000a8e00000|  0%| F|  |TAMS 0x00000000a8d00000, 0x00000000a8d00000| Untracked 
| 142|0x00000000a8e00000, 0x00000000a8e00000, 0x00000000a8f00000|  0%| F|  |TAMS 0x00000000a8e00000, 0x00000000a8e00000| Untracked 
| 143|0x00000000a8f00000, 0x00000000a8f00000, 0x00000000a9000000|  0%| F|  |TAMS 0x00000000a8f00000, 0x00000000a8f00000| Untracked 
| 144|0x00000000a9000000, 0x00000000a9000000, 0x00000000a9100000|  0%| F|  |TAMS 0x00000000a9000000, 0x00000000a9000000| Untracked 
| 145|0x00000000a9100000, 0x00000000a9100000, 0x00000000a9200000|  0%| F|  |TAMS 0x00000000a9100000, 0x00000000a9100000| Untracked 
| 146|0x00000000a9200000, 0x00000000a9200000, 0x00000000a9300000|  0%| F|  |TAMS 0x00000000a9200000, 0x00000000a9200000| Untracked 
| 147|0x00000000a9300000, 0x00000000a9300000, 0x00000000a9400000|  0%| F|  |TAMS 0x00000000a9300000, 0x00000000a9300000| Untracked 
| 148|0x00000000a9400000, 0x00000000a9400000, 0x00000000a9500000|  0%| F|  |TAMS 0x00000000a9400000, 0x00000000a9400000| Untracked 
| 149|0x00000000a9500000, 0x00000000a9500000, 0x00000000a9600000|  0%| F|  |TAMS 0x00000000a9500000, 0x00000000a9500000| Untracked 
| 150|0x00000000a9600000, 0x00000000a9600000, 0x00000000a9700000|  0%| F|  |TAMS 0x00000000a9600000, 0x00000000a9600000| Untracked 
| 151|0x00000000a9700000, 0x00000000a9700000, 0x00000000a9800000|  0%| F|  |TAMS 0x00000000a9700000, 0x00000000a9700000| Untracked 
| 152|0x00000000a9800000, 0x00000000a9800000, 0x00000000a9900000|  0%| F|  |TAMS 0x00000000a9800000, 0x00000000a9800000| Untracked 
| 153|0x00000000a9900000, 0x00000000a9900000, 0x00000000a9a00000|  0%| F|  |TAMS 0x00000000a9900000, 0x00000000a9900000| Untracked 
| 154|0x00000000a9a00000, 0x00000000a9a00000, 0x00000000a9b00000|  0%| F|  |TAMS 0x00000000a9a00000, 0x00000000a9a00000| Untracked 
| 155|0x00000000a9b00000, 0x00000000a9b00000, 0x00000000a9c00000|  0%| F|  |TAMS 0x00000000a9b00000, 0x00000000a9b00000| Untracked 
| 156|0x00000000a9c00000, 0x00000000a9c00000, 0x00000000a9d00000|  0%| F|  |TAMS 0x00000000a9c00000, 0x00000000a9c00000| Untracked 
| 157|0x00000000a9d00000, 0x00000000a9d00000, 0x00000000a9e00000|  0%| F|  |TAMS 0x00000000a9d00000, 0x00000000a9d00000| Untracked 
| 158|0x00000000a9e00000, 0x00000000a9e00000, 0x00000000a9f00000|  0%| F|  |TAMS 0x00000000a9e00000, 0x00000000a9e00000| Untracked 
| 159|0x00000000a9f00000, 0x00000000a9f00000, 0x00000000aa000000|  0%| F|  |TAMS 0x00000000a9f00000, 0x00000000a9f00000| Untracked 
| 160|0x00000000aa000000, 0x00000000aa000000, 0x00000000aa100000|  0%| F|  |TAMS 0x00000000aa000000, 0x00000000aa000000| Untracked 
| 161|0x00000000aa100000, 0x00000000aa100000, 0x00000000aa200000|  0%| F|  |TAMS 0x00000000aa100000, 0x00000000aa100000| Untracked 
| 162|0x00000000aa200000, 0x00000000aa200000, 0x00000000aa300000|  0%| F|  |TAMS 0x00000000aa200000, 0x00000000aa200000| Untracked 
| 163|0x00000000aa300000, 0x00000000aa300000, 0x00000000aa400000|  0%| F|  |TAMS 0x00000000aa300000, 0x00000000aa300000| Untracked 
| 164|0x00000000aa400000, 0x00000000aa400000, 0x00000000aa500000|  0%| F|  |TAMS 0x00000000aa400000, 0x00000000aa400000| Untracked 
| 165|0x00000000aa500000, 0x00000000aa500000, 0x00000000aa600000|  0%| F|  |TAMS 0x00000000aa500000, 0x00000000aa500000| Untracked 
| 166|0x00000000aa600000, 0x00000000aa600000, 0x00000000aa700000|  0%| F|  |TAMS 0x00000000aa600000, 0x00000000aa600000| Untracked 
| 167|0x00000000aa700000, 0x00000000aa700000, 0x00000000aa800000|  0%| F|  |TAMS 0x00000000aa700000, 0x00000000aa700000| Untracked 
| 168|0x00000000aa800000, 0x00000000aa800000, 0x00000000aa900000|  0%| F|  |TAMS 0x00000000aa800000, 0x00000000aa800000| Untracked 
| 169|0x00000000aa900000, 0x00000000aa900000, 0x00000000aaa00000|  0%| F|  |TAMS 0x00000000aa900000, 0x00000000aa900000| Untracked 
| 170|0x00000000aaa00000, 0x00000000aaa00000, 0x00000000aab00000|  0%| F|  |TAMS 0x00000000aaa00000, 0x00000000aaa00000| Untracked 
| 171|0x00000000aab00000, 0x00000000aab00000, 0x00000000aac00000|  0%| F|  |TAMS 0x00000000aab00000, 0x00000000aab00000| Untracked 
| 172|0x00000000aac00000, 0x00000000aac00000, 0x00000000aad00000|  0%| F|  |TAMS 0x00000000aac00000, 0x00000000aac00000| Untracked 
| 173|0x00000000aad00000, 0x00000000aad00000, 0x00000000aae00000|  0%| F|  |TAMS 0x00000000aad00000, 0x00000000aad00000| Untracked 
| 174|0x00000000aae00000, 0x00000000aae00000, 0x00000000aaf00000|  0%| F|  |TAMS 0x00000000aae00000, 0x00000000aae00000| Untracked 
| 175|0x00000000aaf00000, 0x00000000aaf00000, 0x00000000ab000000|  0%| F|  |TAMS 0x00000000aaf00000, 0x00000000aaf00000| Untracked 
| 176|0x00000000ab000000, 0x00000000ab000000, 0x00000000ab100000|  0%| F|  |TAMS 0x00000000ab000000, 0x00000000ab000000| Untracked 
| 177|0x00000000ab100000, 0x00000000ab100000, 0x00000000ab200000|  0%| F|  |TAMS 0x00000000ab100000, 0x00000000ab100000| Untracked 
| 178|0x00000000ab200000, 0x00000000ab200000, 0x00000000ab300000|  0%| F|  |TAMS 0x00000000ab200000, 0x00000000ab200000| Untracked 
| 179|0x00000000ab300000, 0x00000000ab300000, 0x00000000ab400000|  0%| F|  |TAMS 0x00000000ab300000, 0x00000000ab300000| Untracked 
| 180|0x00000000ab400000, 0x00000000ab400000, 0x00000000ab500000|  0%| F|  |TAMS 0x00000000ab400000, 0x00000000ab400000| Untracked 
| 181|0x00000000ab500000, 0x00000000ab500000, 0x00000000ab600000|  0%| F|  |TAMS 0x00000000ab500000, 0x00000000ab500000| Untracked 
| 182|0x00000000ab600000, 0x00000000ab600000, 0x00000000ab700000|  0%| F|  |TAMS 0x00000000ab600000, 0x00000000ab600000| Untracked 
| 183|0x00000000ab700000, 0x00000000ab700000, 0x00000000ab800000|  0%| F|  |TAMS 0x00000000ab700000, 0x00000000ab700000| Untracked 
| 184|0x00000000ab800000, 0x00000000ab800000, 0x00000000ab900000|  0%| F|  |TAMS 0x00000000ab800000, 0x00000000ab800000| Untracked 
| 185|0x00000000ab900000, 0x00000000ab900000, 0x00000000aba00000|  0%| F|  |TAMS 0x00000000ab900000, 0x00000000ab900000| Untracked 
| 186|0x00000000aba00000, 0x00000000aba00000, 0x00000000abb00000|  0%| F|  |TAMS 0x00000000aba00000, 0x00000000aba00000| Untracked 
| 187|0x00000000abb00000, 0x00000000abb00000, 0x00000000abc00000|  0%| F|  |TAMS 0x00000000abb00000, 0x00000000abb00000| Untracked 
| 188|0x00000000abc00000, 0x00000000abc00000, 0x00000000abd00000|  0%| F|  |TAMS 0x00000000abc00000, 0x00000000abc00000| Untracked 
| 189|0x00000000abd00000, 0x00000000abd00000, 0x00000000abe00000|  0%| F|  |TAMS 0x00000000abd00000, 0x00000000abd00000| Untracked 
| 190|0x00000000abe00000, 0x00000000abe00000, 0x00000000abf00000|  0%| F|  |TAMS 0x00000000abe00000, 0x00000000abe00000| Untracked 
| 191|0x00000000abf00000, 0x00000000abf00000, 0x00000000ac000000|  0%| F|  |TAMS 0x00000000abf00000, 0x00000000abf00000| Untracked 
| 192|0x00000000ac000000, 0x00000000ac100000, 0x00000000ac100000|100%| S|CS|TAMS 0x00000000ac000000, 0x00000000ac000000| Complete 
| 193|0x00000000ac100000, 0x00000000ac200000, 0x00000000ac200000|100%| S|CS|TAMS 0x00000000ac100000, 0x00000000ac100000| Complete 
| 194|0x00000000ac200000, 0x00000000ac300000, 0x00000000ac300000|100%| S|CS|TAMS 0x00000000ac200000, 0x00000000ac200000| Complete 
| 195|0x00000000ac300000, 0x00000000ac300000, 0x00000000ac400000|  0%| F|  |TAMS 0x00000000ac300000, 0x00000000ac300000| Untracked 
| 196|0x00000000ac400000, 0x00000000ac400000, 0x00000000ac500000|  0%| F|  |TAMS 0x00000000ac400000, 0x00000000ac400000| Untracked 
| 197|0x00000000ac500000, 0x00000000ac500000, 0x00000000ac600000|  0%| F|  |TAMS 0x00000000ac500000, 0x00000000ac500000| Untracked 
| 198|0x00000000ac600000, 0x00000000ac600000, 0x00000000ac700000|  0%| F|  |TAMS 0x00000000ac600000, 0x00000000ac600000| Untracked 
| 199|0x00000000ac700000, 0x00000000ac700000, 0x00000000ac800000|  0%| F|  |TAMS 0x00000000ac700000, 0x00000000ac700000| Untracked 
| 200|0x00000000ac800000, 0x00000000ac800000, 0x00000000ac900000|  0%| F|  |TAMS 0x00000000ac800000, 0x00000000ac800000| Untracked 
| 201|0x00000000ac900000, 0x00000000ac900000, 0x00000000aca00000|  0%| F|  |TAMS 0x00000000ac900000, 0x00000000ac900000| Untracked 
| 202|0x00000000aca00000, 0x00000000aca00000, 0x00000000acb00000|  0%| F|  |TAMS 0x00000000aca00000, 0x00000000aca00000| Untracked 
| 203|0x00000000acb00000, 0x00000000acb00000, 0x00000000acc00000|  0%| F|  |TAMS 0x00000000acb00000, 0x00000000acb00000| Untracked 
| 204|0x00000000acc00000, 0x00000000acc00000, 0x00000000acd00000|  0%| F|  |TAMS 0x00000000acc00000, 0x00000000acc00000| Untracked 
| 205|0x00000000acd00000, 0x00000000acd00000, 0x00000000ace00000|  0%| F|  |TAMS 0x00000000acd00000, 0x00000000acd00000| Untracked 
| 206|0x00000000ace00000, 0x00000000ace00000, 0x00000000acf00000|  0%| F|  |TAMS 0x00000000ace00000, 0x00000000ace00000| Untracked 
| 207|0x00000000acf00000, 0x00000000acf00000, 0x00000000ad000000|  0%| F|  |TAMS 0x00000000acf00000, 0x00000000acf00000| Untracked 
| 208|0x00000000ad000000, 0x00000000ad000000, 0x00000000ad100000|  0%| F|  |TAMS 0x00000000ad000000, 0x00000000ad000000| Untracked 
| 209|0x00000000ad100000, 0x00000000ad100000, 0x00000000ad200000|  0%| F|  |TAMS 0x00000000ad100000, 0x00000000ad100000| Untracked 
| 210|0x00000000ad200000, 0x00000000ad200000, 0x00000000ad300000|  0%| F|  |TAMS 0x00000000ad200000, 0x00000000ad200000| Untracked 
| 211|0x00000000ad300000, 0x00000000ad300000, 0x00000000ad400000|  0%| F|  |TAMS 0x00000000ad300000, 0x00000000ad300000| Untracked 
| 212|0x00000000ad400000, 0x00000000ad400000, 0x00000000ad500000|  0%| F|  |TAMS 0x00000000ad400000, 0x00000000ad400000| Untracked 
| 213|0x00000000ad500000, 0x00000000ad500000, 0x00000000ad600000|  0%| F|  |TAMS 0x00000000ad500000, 0x00000000ad500000| Untracked 
| 214|0x00000000ad600000, 0x00000000ad600000, 0x00000000ad700000|  0%| F|  |TAMS 0x00000000ad600000, 0x00000000ad600000| Untracked 
| 215|0x00000000ad700000, 0x00000000ad700000, 0x00000000ad800000|  0%| F|  |TAMS 0x00000000ad700000, 0x00000000ad700000| Untracked 
| 216|0x00000000ad800000, 0x00000000ad800000, 0x00000000ad900000|  0%| F|  |TAMS 0x00000000ad800000, 0x00000000ad800000| Untracked 
| 217|0x00000000ad900000, 0x00000000ad900000, 0x00000000ada00000|  0%| F|  |TAMS 0x00000000ad900000, 0x00000000ad900000| Untracked 
| 218|0x00000000ada00000, 0x00000000ada00000, 0x00000000adb00000|  0%| F|  |TAMS 0x00000000ada00000, 0x00000000ada00000| Untracked 
| 219|0x00000000adb00000, 0x00000000adb00000, 0x00000000adc00000|  0%| F|  |TAMS 0x00000000adb00000, 0x00000000adb00000| Untracked 
| 220|0x00000000adc00000, 0x00000000adc00000, 0x00000000add00000|  0%| F|  |TAMS 0x00000000adc00000, 0x00000000adc00000| Untracked 
| 221|0x00000000add00000, 0x00000000add00000, 0x00000000ade00000|  0%| F|  |TAMS 0x00000000add00000, 0x00000000add00000| Untracked 
| 222|0x00000000ade00000, 0x00000000ade00000, 0x00000000adf00000|  0%| F|  |TAMS 0x00000000ade00000, 0x00000000ade00000| Untracked 
| 223|0x00000000adf00000, 0x00000000adf00000, 0x00000000ae000000|  0%| F|  |TAMS 0x00000000adf00000, 0x00000000adf00000| Untracked 
| 224|0x00000000ae000000, 0x00000000ae000000, 0x00000000ae100000|  0%| F|  |TAMS 0x00000000ae000000, 0x00000000ae000000| Untracked 
| 225|0x00000000ae100000, 0x00000000ae100000, 0x00000000ae200000|  0%| F|  |TAMS 0x00000000ae100000, 0x00000000ae100000| Untracked 
| 226|0x00000000ae200000, 0x00000000ae200000, 0x00000000ae300000|  0%| F|  |TAMS 0x00000000ae200000, 0x00000000ae200000| Untracked 
| 227|0x00000000ae300000, 0x00000000ae300000, 0x00000000ae400000|  0%| F|  |TAMS 0x00000000ae300000, 0x00000000ae300000| Untracked 
| 228|0x00000000ae400000, 0x00000000ae400000, 0x00000000ae500000|  0%| F|  |TAMS 0x00000000ae400000, 0x00000000ae400000| Untracked 
| 229|0x00000000ae500000, 0x00000000ae500000, 0x00000000ae600000|  0%| F|  |TAMS 0x00000000ae500000, 0x00000000ae500000| Untracked 
| 230|0x00000000ae600000, 0x00000000ae600000, 0x00000000ae700000|  0%| F|  |TAMS 0x00000000ae600000, 0x00000000ae600000| Untracked 
| 231|0x00000000ae700000, 0x00000000ae700000, 0x00000000ae800000|  0%| F|  |TAMS 0x00000000ae700000, 0x00000000ae700000| Untracked 
| 232|0x00000000ae800000, 0x00000000ae800000, 0x00000000ae900000|  0%| F|  |TAMS 0x00000000ae800000, 0x00000000ae800000| Untracked 
| 233|0x00000000ae900000, 0x00000000ae900000, 0x00000000aea00000|  0%| F|  |TAMS 0x00000000ae900000, 0x00000000ae900000| Untracked 
| 234|0x00000000aea00000, 0x00000000aea00000, 0x00000000aeb00000|  0%| F|  |TAMS 0x00000000aea00000, 0x00000000aea00000| Untracked 
| 235|0x00000000aeb00000, 0x00000000aeb00000, 0x00000000aec00000|  0%| F|  |TAMS 0x00000000aeb00000, 0x00000000aeb00000| Untracked 
| 236|0x00000000aec00000, 0x00000000aec00000, 0x00000000aed00000|  0%| F|  |TAMS 0x00000000aec00000, 0x00000000aec00000| Untracked 
| 237|0x00000000aed00000, 0x00000000aed00000, 0x00000000aee00000|  0%| F|  |TAMS 0x00000000aed00000, 0x00000000aed00000| Untracked 
| 238|0x00000000aee00000, 0x00000000aee00000, 0x00000000aef00000|  0%| F|  |TAMS 0x00000000aee00000, 0x00000000aee00000| Untracked 
| 239|0x00000000aef00000, 0x00000000aef00000, 0x00000000af000000|  0%| F|  |TAMS 0x00000000aef00000, 0x00000000aef00000| Untracked 
| 240|0x00000000af000000, 0x00000000af000000, 0x00000000af100000|  0%| F|  |TAMS 0x00000000af000000, 0x00000000af000000| Untracked 
| 241|0x00000000af100000, 0x00000000af100000, 0x00000000af200000|  0%| F|  |TAMS 0x00000000af100000, 0x00000000af100000| Untracked 
| 242|0x00000000af200000, 0x00000000af200000, 0x00000000af300000|  0%| F|  |TAMS 0x00000000af200000, 0x00000000af200000| Untracked 
| 243|0x00000000af300000, 0x00000000af300000, 0x00000000af400000|  0%| F|  |TAMS 0x00000000af300000, 0x00000000af300000| Untracked 
| 244|0x00000000af400000, 0x00000000af400000, 0x00000000af500000|  0%| F|  |TAMS 0x00000000af400000, 0x00000000af400000| Untracked 
| 245|0x00000000af500000, 0x00000000af503c68, 0x00000000af600000|  1%| E|  |TAMS 0x00000000af500000, 0x00000000af500000| Complete 
| 246|0x00000000af600000, 0x00000000af700000, 0x00000000af700000|100%| E|CS|TAMS 0x00000000af600000, 0x00000000af600000| Complete 
| 247|0x00000000af700000, 0x00000000af800000, 0x00000000af800000|100%| E|CS|TAMS 0x00000000af700000, 0x00000000af700000| Complete 

Card table byte_map: [0x000002abf7070000,0x000002abf7370000] _byte_map_base: 0x000002abf6b70000

Marking Bits (Prev, Next): (CMBitMap*) 0x000002abf357c6d8, (CMBitMap*) 0x000002abf357c710
 Prev Bits: [0x000002abf7670000, 0x000002abf8e70000)
 Next Bits: [0x000002abf8e70000, 0x000002abfa670000)

Polling page: 0x000002abf1400000

Metaspace:

Usage:
  Non-class:     78.49 MB capacity,    75.67 MB ( 96%) used,     2.55 MB (  3%) free+waste,   278.25 KB ( <1%) overhead. 
      Class:     12.75 MB capacity,    11.46 MB ( 90%) used,     1.16 MB (  9%) free+waste,   131.88 KB (  1%) overhead. 
       Both:     91.23 MB capacity,    87.13 MB ( 96%) used,     3.70 MB (  4%) free+waste,   410.12 KB ( <1%) overhead. 

Virtual space:
  Non-class space:       80.00 MB reserved,      78.58 MB ( 98%) committed 
      Class space:        1.00 GB reserved,      12.75 MB (  1%) committed 
             Both:        1.08 GB reserved,      91.33 MB (  8%) committed 

Chunk freelists:
   Non-Class:  27.00 KB
       Class:  5.00 KB
        Both:  32.00 KB

MaxMetaspaceSize: 17179869184.00 GB
CompressedClassSpaceSize: 1.00 GB
Initial GC threshold: 20.80 MB
Current GC threshold: 141.17 MB
CDS: off

CodeHeap 'non-profiled nmethods': size=120064Kb used=8303Kb max_used=8303Kb free=111760Kb
 bounds [0x000002ab87ac0000, 0x000002ab882e0000, 0x000002ab8f000000]
CodeHeap 'profiled nmethods': size=120000Kb used=25972Kb max_used=25972Kb free=94028Kb
 bounds [0x000002ab80590000, 0x000002ab81ef0000, 0x000002ab87ac0000]
CodeHeap 'non-nmethods': size=5696Kb used=2374Kb max_used=2415Kb free=3321Kb
 bounds [0x000002ab80000000, 0x000002ab80270000, 0x000002ab80590000]
 total_blobs=12342 nmethods=11442 adapters=812
 compilation: enabled
              stopped_count=0, restarted_count=0
 full_count=0

Compilation events (20 events):
Event: 112.072 Thread 0x000002abfd256800 nmethod 11468 0x000002ab882d5510 code [0x000002ab882d56a0, 0x000002ab882d58f8]
Event: 112.095 Thread 0x000002abfd2d3800 11471       3       org.gradle.api.internal.project.DefaultProject_Decorated::getProviders (32 bytes)
Event: 112.095 Thread 0x000002abfd2d3800 nmethod 11471 0x000002ab81eea490 code [0x000002ab81eea660, 0x000002ab81eeaa68]
Event: 112.105 Thread 0x000002abfd2d3800 11472       3       org.gradle.api.internal.provider.MappingProvider::calculateOwnValue (46 bytes)
Event: 112.106 Thread 0x000002abfd2d3800 nmethod 11472 0x000002ab81eeab90 code [0x000002ab81eeade0, 0x000002ab81eeb638]
Event: 112.126 Thread 0x000002abfd2d3800 11473       3       org.gradle.internal.instantiation.generator.AsmBackedClassGenerator::access$100 (5 bytes)
Event: 112.126 Thread 0x000002abfd2d3800 nmethod 11473 0x000002ab81eeb890 code [0x000002ab81eeba60, 0x000002ab81eebbf8]
Event: 112.126 Thread 0x000002abfd2d3800 11474       3       org.gradle.internal.instantiation.generator.AsmBackedClassGenerator::descriptorOf (8 bytes)
Event: 112.127 Thread 0x000002abfd2d3800 nmethod 11474 0x000002ab81eebd10 code [0x000002ab81eebee0, 0x000002ab81eec018]
Event: 112.127 Thread 0x000002abfd256800 11475       4       org.objectweb.asm.MethodVisitor::visitLdcInsn (87 bytes)
Event: 112.132 Thread 0x000002abfd256800 nmethod 11475 0x000002ab882d5a10 code [0x000002ab882d5c00, 0x000002ab882d60f0]
Event: 112.132 Thread 0x000002abfd256800 11477       4       org.objectweb.asm.MethodWriter::putMethodInfo (1274 bytes)
Event: 112.202 Thread 0x000002abfd256800 nmethod 11477 0x000002ab882d6690 code [0x000002ab882d6b80, 0x000002ab882d9bf8]
Event: 112.212 Thread 0x000002abfd256800 11479   !   4       org.gradle.api.internal.provider.DefaultValueSourceProviderFactory$LazilyObtainedValue::obtain (145 bytes)
Event: 112.213 Thread 0x000002abfd2d3800 11480       3       org.gradle.api.internal.file.AbstractFileResolver::newResolver (9 bytes)
Event: 112.213 Thread 0x000002abfd2d3800 nmethod 11480 0x000002ab81eec110 code [0x000002ab81eec2c0, 0x000002ab81eec448]
Event: 112.213 Thread 0x000002abfd2d3800 11481       3       org.gradle.api.internal.file.DefaultFilePropertyFactory$FixedDirectory::<init> (16 bytes)
Event: 112.213 Thread 0x000002abfd2d3800 nmethod 11481 0x000002ab81eec510 code [0x000002ab81eec6e0, 0x000002ab81eec9b8]
Event: 112.345 Thread 0x000002abfd2d3800 11482       3       org.objectweb.asm.AnnotationWriter::computeAnnotationsSize (42 bytes)
Event: 112.345 Thread 0x000002abfd2d3800 nmethod 11482 0x000002ab81eeca90 code [0x000002ab81eecc60, 0x000002ab81eecea8]

GC Heap History (20 events):
Event: 75.168 GC heap before
{Heap before GC invocations=112 (full 0):
 garbage-first heap   total 131072K, used 105712K [0x00000000a0000000, 0x0000000100000000)
  region size 1024K, 23 young (23552K), 3 survivors (3072K)
 Metaspace       used 79835K, capacity 82330K, committed 82640K, reserved 1120256K
  class space    used 10387K, capacity 11302K, committed 11392K, reserved 1048576K
}
Event: 75.197 GC heap after
{Heap after GC invocations=113 (full 0):
 garbage-first heap   total 131072K, used 87919K [0x00000000a0000000, 0x0000000100000000)
  region size 1024K, 2 young (2048K), 2 survivors (2048K)
 Metaspace       used 79835K, capacity 82330K, committed 82640K, reserved 1120256K
  class space    used 10387K, capacity 11302K, committed 11392K, reserved 1048576K
}
Event: 76.827 GC heap before
{Heap before GC invocations=114 (full 0):
 garbage-first heap   total 131072K, used 110447K [0x00000000a0000000, 0x0000000100000000)
  region size 1024K, 23 young (23552K), 2 survivors (2048K)
 Metaspace       used 80774K, capacity 83394K, committed 83664K, reserved 1122304K
  class space    used 10569K, capacity 11527K, committed 11648K, reserved 1048576K
}
Event: 76.881 GC heap after
{Heap after GC invocations=115 (full 0):
 garbage-first heap   total 157696K, used 96086K [0x00000000a0000000, 0x0000000100000000)
  region size 1024K, 3 young (3072K), 3 survivors (3072K)
 Metaspace       used 80774K, capacity 83394K, committed 83664K, reserved 1122304K
  class space    used 10569K, capacity 11527K, committed 11648K, reserved 1048576K
}
Event: 79.288 GC heap before
{Heap before GC invocations=115 (full 0):
 garbage-first heap   total 157696K, used 112470K [0x00000000a0000000, 0x0000000100000000)
  region size 1024K, 21 young (21504K), 3 survivors (3072K)
 Metaspace       used 81009K, capacity 83849K, committed 83920K, reserved 1122304K
  class space    used 10600K, capacity 11590K, committed 11648K, reserved 1048576K
}
Event: 79.336 GC heap after
{Heap after GC invocations=116 (full 0):
 garbage-first heap   total 157696K, used 100146K [0x00000000a0000000, 0x0000000100000000)
  region size 1024K, 4 young (4096K), 4 survivors (4096K)
 Metaspace       used 81009K, capacity 83849K, committed 83920K, reserved 1122304K
  class space    used 10600K, capacity 11590K, committed 11648K, reserved 1048576K
}
Event: 82.050 GC heap before
{Heap before GC invocations=117 (full 0):
 garbage-first heap   total 157696K, used 121650K [0x00000000a0000000, 0x0000000100000000)
  region size 1024K, 25 young (25600K), 4 survivors (4096K)
 Metaspace       used 81306K, capacity 84322K, committed 84560K, reserved 1122304K
  class space    used 10637K, capacity 11670K, committed 11776K, reserved 1048576K
}
Event: 82.124 GC heap after
{Heap after GC invocations=118 (full 0):
 garbage-first heap   total 157696K, used 106158K [0x00000000a0000000, 0x0000000100000000)
  region size 1024K, 4 young (4096K), 4 survivors (4096K)
 Metaspace       used 81306K, capacity 84322K, committed 84560K, reserved 1122304K
  class space    used 10637K, capacity 11670K, committed 11776K, reserved 1048576K
}
Event: 82.838 GC heap before
{Heap before GC invocations=119 (full 0):
 garbage-first heap   total 157696K, used 108206K [0x00000000a0000000, 0x0000000100000000)
  region size 1024K, 6 young (6144K), 4 survivors (4096K)
 Metaspace       used 81308K, capacity 84322K, committed 84560K, reserved 1122304K
  class space    used 10637K, capacity 11670K, committed 11776K, reserved 1048576K
}
Event: 83.185 GC heap after
{Heap after GC invocations=120 (full 0):
 garbage-first heap   total 157696K, used 108974K [0x00000000a0000000, 0x0000000100000000)
  region size 1024K, 2 young (2048K), 2 survivors (2048K)
 Metaspace       used 81308K, capacity 84322K, committed 84560K, reserved 1122304K
  class space    used 10637K, capacity 11670K, committed 11776K, reserved 1048576K
}
Event: 83.854 GC heap before
{Heap before GC invocations=121 (full 0):
 garbage-first heap   total 157696K, used 112046K [0x00000000a0000000, 0x0000000100000000)
  region size 1024K, 5 young (5120K), 2 survivors (2048K)
 Metaspace       used 81308K, capacity 84322K, committed 84560K, reserved 1122304K
  class space    used 10637K, capacity 11670K, committed 11776K, reserved 1048576K
}
Event: 83.864 GC heap after
{Heap after GC invocations=122 (full 0):
 garbage-first heap   total 253952K, used 111616K [0x00000000a0000000, 0x0000000100000000)
  region size 1024K, 2 young (2048K), 2 survivors (2048K)
 Metaspace       used 81308K, capacity 84322K, committed 84560K, reserved 1122304K
  class space    used 10637K, capacity 11670K, committed 11776K, reserved 1048576K
}
Event: 93.825 GC heap before
{Heap before GC invocations=123 (full 0):
 garbage-first heap   total 253952K, used 160768K [0x00000000a0000000, 0x0000000100000000)
  region size 1024K, 47 young (48128K), 2 survivors (2048K)
 Metaspace       used 81798K, capacity 85152K, committed 85456K, reserved 1122304K
  class space    used 10703K, capacity 11794K, committed 11904K, reserved 1048576K
}
Event: 93.968 GC heap after
{Heap after GC invocations=124 (full 0):
 garbage-first heap   total 253952K, used 121191K [0x00000000a0000000, 0x0000000100000000)
  region size 1024K, 6 young (6144K), 6 survivors (6144K)
 Metaspace       used 81798K, capacity 85152K, committed 85456K, reserved 1122304K
  class space    used 10703K, capacity 11794K, committed 11904K, reserved 1048576K
}
Event: 102.598 GC heap before
{Heap before GC invocations=124 (full 0):
 garbage-first heap   total 253952K, used 168295K [0x00000000a0000000, 0x0000000100000000)
  region size 1024K, 53 young (54272K), 6 survivors (6144K)
 Metaspace       used 82509K, capacity 86329K, committed 86352K, reserved 1124352K
  class space    used 10805K, capacity 12011K, committed 12032K, reserved 1048576K
}
Event: 102.701 GC heap after
{Heap after GC invocations=125 (full 0):
 garbage-first heap   total 253952K, used 129297K [0x00000000a0000000, 0x0000000100000000)
  region size 1024K, 7 young (7168K), 7 survivors (7168K)
 Metaspace       used 82509K, capacity 86329K, committed 86352K, reserved 1124352K
  class space    used 10805K, capacity 12011K, committed 12032K, reserved 1048576K
}
Event: 107.682 GC heap before
{Heap before GC invocations=126 (full 0):
 garbage-first heap   total 253952K, used 177425K [0x00000000a0000000, 0x0000000100000000)
  region size 1024K, 54 young (55296K), 7 survivors (7168K)
 Metaspace       used 83910K, capacity 88012K, committed 88272K, reserved 1126400K
  class space    used 10993K, capacity 12290K, committed 12416K, reserved 1048576K
}
Event: 107.781 GC heap after
{Heap after GC invocations=127 (full 0):
 garbage-first heap   total 253952K, used 138065K [0x00000000a0000000, 0x0000000100000000)
  region size 1024K, 7 young (7168K), 7 survivors (7168K)
 Metaspace       used 83910K, capacity 88012K, committed 88272K, reserved 1126400K
  class space    used 10993K, capacity 12290K, committed 12416K, reserved 1048576K
}
Event: 112.219 GC heap before
{Heap before GC invocations=127 (full 0):
 garbage-first heap   total 253952K, used 186193K [0x00000000a0000000, 0x0000000100000000)
  region size 1024K, 54 young (55296K), 7 survivors (7168K)
 Metaspace       used 89118K, capacity 93322K, committed 93520K, reserved 1130496K
  class space    used 11721K, capacity 13017K, committed 13056K, reserved 1048576K
}
Event: 112.313 GC heap after
{Heap after GC invocations=128 (full 0):
 garbage-first heap   total 253952K, used 141312K [0x00000000a0000000, 0x0000000100000000)
  region size 1024K, 3 young (3072K), 3 survivors (3072K)
 Metaspace       used 89118K, capacity 93322K, committed 93520K, reserved 1130496K
  class space    used 11721K, capacity 13017K, committed 13056K, reserved 1048576K
}

Deoptimization events (20 events):
Event: 111.949 Thread 0x000002abfe9bd800 DEOPT PACKING pc=0x000002ab87ecd0bc sp=0x000000cf0cef8860
Event: 111.956 Thread 0x000002abfe9bd800 DEOPT UNPACKING pc=0x000002ab8004a1af sp=0x000000cf0cef8838 mode 2
Event: 111.961 Thread 0x000002abfe9bd800 Uncommon trap: trap_request=0xffffff4d fr.pc=0x000002ab87d21238 relative=0x0000000000000078
Event: 111.961 Thread 0x000002abfe9bd800 Uncommon trap: reason=unstable_if action=reinterpret pc=0x000002ab87d21238 method=java.util.regex.Matcher.find()Z @ 10 c2
Event: 111.961 Thread 0x000002abfe9bd800 DEOPT PACKING pc=0x000002ab87d21238 sp=0x000000cf0cef8c00
Event: 111.961 Thread 0x000002abfe9bd800 DEOPT UNPACKING pc=0x000002ab8004a1af sp=0x000000cf0cef8b80 mode 2
Event: 111.977 Thread 0x000002abfe9bd800 Uncommon trap: trap_request=0xffffff4d fr.pc=0x000002ab87e3cccc relative=0x00000000000002ec
Event: 111.977 Thread 0x000002abfe9bd800 Uncommon trap: reason=unstable_if action=reinterpret pc=0x000002ab87e3cccc method=java.lang.CharacterDataLatin1.digit(II)I @ 12 c2
Event: 111.977 Thread 0x000002abfe9bd800 DEOPT PACKING pc=0x000002ab87e3cccc sp=0x000000cf0cef8fd0
Event: 111.977 Thread 0x000002abfe9bd800 DEOPT UNPACKING pc=0x000002ab8004a1af sp=0x000000cf0cef8df0 mode 2
Event: 112.024 Thread 0x000002abfe9bd800 Uncommon trap: trap_request=0xffffff4d fr.pc=0x000002ab87e3b2c4 relative=0x00000000000000a4
Event: 112.024 Thread 0x000002abfe9bd800 Uncommon trap: reason=unstable_if action=reinterpret pc=0x000002ab87e3b2c4 method=java.lang.CharacterDataLatin1.digit(II)I @ 12 c2
Event: 112.024 Thread 0x000002abfe9bd800 DEOPT PACKING pc=0x000002ab87e3b2c4 sp=0x000000cf0cef8e80
Event: 112.024 Thread 0x000002abfe9bd800 DEOPT UNPACKING pc=0x000002ab8004a1af sp=0x000000cf0cef8df8 mode 2
Event: 112.319 Thread 0x000002abfd1f3800 Uncommon trap: trap_request=0xffffff4d fr.pc=0x000002ab8812542c relative=0x000000000000086c
Event: 112.319 Thread 0x000002abfd1f3800 Uncommon trap: reason=unstable_if action=reinterpret pc=0x000002ab8812542c method=java.lang.ThreadLocal.remove()V @ 9 c2
Event: 112.319 Thread 0x000002abfd1f3800 DEOPT PACKING pc=0x000002ab8812542c sp=0x000000cf0befee70
Event: 112.319 Thread 0x000002abfd1f3800 DEOPT UNPACKING pc=0x000002ab8004a1af sp=0x000000cf0befee48 mode 2
Event: 112.379 Thread 0x000002abfe9bd800 DEOPT PACKING pc=0x000002ab81d1d86c sp=0x000000cf0cef8f80
Event: 112.379 Thread 0x000002abfe9bd800 DEOPT UNPACKING pc=0x000002ab8004a95e sp=0x000000cf0cef8520 mode 0

Classes redefined (0 events):
No events

Internal exceptions (20 events):
Event: 103.755 Thread 0x000002abfe9bd800 Exception <a 'java/lang/ClassNotFoundException'{0x00000000aef89480}: org/gradle/api/tasks/compile/CompileOptions_DecoratedCustomizer> (0x00000000aef89480) thrown at [src/hotspot/share/classfile/systemDictionary.cpp, line 230]
Event: 105.239 Thread 0x000002abfe9bd800 Exception <a 'java/lang/ClassNotFoundException'{0x00000000aeb99ec0}: build_dbayqi87fms786q3qzcwq3woeBeanInfo> (0x00000000aeb99ec0) thrown at [src/hotspot/share/classfile/systemDictionary.cpp, line 230]
Event: 105.242 Thread 0x000002abfe9bd800 Exception <a 'java/lang/ClassNotFoundException'{0x00000000aeba5f20}: build_dbayqi87fms786q3qzcwq3woeCustomizer> (0x00000000aeba5f20) thrown at [src/hotspot/share/classfile/systemDictionary.cpp, line 230]
Event: 105.606 Thread 0x000002abfe9bd800 Exception <a 'java/lang/ClassNotFoundException'{0x00000000ae5b1f68}: build_dbayqi87fms786q3qzcwq3woeBeanInfo> (0x00000000ae5b1f68) thrown at [src/hotspot/share/classfile/systemDictionary.cpp, line 230]
Event: 105.606 Thread 0x000002abfe9bd800 Exception <a 'java/lang/ClassNotFoundException'{0x00000000ae5bdf68}: build_dbayqi87fms786q3qzcwq3woeCustomizer> (0x00000000ae5bdf68) thrown at [src/hotspot/share/classfile/systemDictionary.cpp, line 230]
Event: 105.861 Thread 0x000002abfe9bd800 Exception <a 'java/lang/ClassNotFoundException'{0x00000000ae0cc6f8}: build_9um2ohwx6zro57c0clp0xqb9BeanInfo> (0x00000000ae0cc6f8) thrown at [src/hotspot/share/classfile/systemDictionary.cpp, line 230]
Event: 105.863 Thread 0x000002abfe9bd800 Exception <a 'java/lang/ClassNotFoundException'{0x00000000ae0d8738}: build_9um2ohwx6zro57c0clp0xqb9Customizer> (0x00000000ae0d8738) thrown at [src/hotspot/share/classfile/systemDictionary.cpp, line 230]
Event: 106.034 Thread 0x000002abfe9bd800 Exception <a 'java/lang/ClassNotFoundException'{0x00000000adad7820}: build_9um2ohwx6zro57c0clp0xqb9BeanInfo> (0x00000000adad7820) thrown at [src/hotspot/share/classfile/systemDictionary.cpp, line 230]
Event: 106.035 Thread 0x000002abfe9bd800 Exception <a 'java/lang/ClassNotFoundException'{0x00000000adae3800}: build_9um2ohwx6zro57c0clp0xqb9Customizer> (0x00000000adae3800) thrown at [src/hotspot/share/classfile/systemDictionary.cpp, line 230]
Event: 106.111 Thread 0x000002abfe9bd800 Exception <a 'java/lang/ClassNotFoundException'{0x00000000ad853448}: build_9um2ohwx6zro57c0clp0xqb9$_run_closure2BeanInfo> (0x00000000ad853448) thrown at [src/hotspot/share/classfile/systemDictionary.cpp, line 230]
Event: 106.128 Thread 0x000002abfe9bd800 Exception <a 'java/lang/ClassNotFoundException'{0x00000000ad86d138}: build_9um2ohwx6zro57c0clp0xqb9$_run_closure2Customizer> (0x00000000ad86d138) thrown at [src/hotspot/share/classfile/systemDictionary.cpp, line 230]
Event: 107.847 Thread 0x000002abfe9bd800 Exception <a 'java/lang/NoSuchMethodError'{0x00000000af664520}: 'void java.lang.invoke.DirectMethodHandle$Holder.invokeInterface(java.lang.Object, java.lang.Object)'> (0x00000000af664520) thrown at [src/hotspot/share/interpreter/linkResolver.cpp, line 773]
Event: 109.796 Thread 0x000002abfe9bd800 Exception <a 'sun/nio/fs/WindowsException'{0x00000000ae7bdef8}> (0x00000000ae7bdef8) thrown at [src/hotspot/share/prims/jni.cpp, line 617]
Event: 110.310 Thread 0x000002abfe9bd800 Exception <a 'java/lang/NullPointerException'{0x00000000adc1af18}> (0x00000000adc1af18) thrown at [src/hotspot/share/interpreter/linkResolver.cpp, line 1440]
Event: 110.570 Thread 0x000002abfe9bd800 Implicit null exception at 0x000002ab87f08c2c to 0x000002ab87f0a578
Event: 111.996 Thread 0x000002abfe9bd800 Exception <a 'sun/nio/fs/WindowsException'{0x00000000acbebf90}> (0x00000000acbebf90) thrown at [src/hotspot/share/prims/jni.cpp, line 617]
Event: 111.998 Thread 0x000002abfe9bd800 Exception <a 'sun/nio/fs/WindowsException'{0x00000000acbed320}> (0x00000000acbed320) thrown at [src/hotspot/share/prims/jni.cpp, line 617]
Event: 111.998 Thread 0x000002abfe9bd800 Exception <a 'sun/nio/fs/WindowsException'{0x00000000acbee6e8}> (0x00000000acbee6e8) thrown at [src/hotspot/share/prims/jni.cpp, line 617]
Event: 111.998 Thread 0x000002abfe9bd800 Exception <a 'sun/nio/fs/WindowsException'{0x00000000acbefab0}> (0x00000000acbefab0) thrown at [src/hotspot/share/prims/jni.cpp, line 617]
Event: 112.319 Thread 0x000002abfd1f3800 Implicit null exception at 0x000002ab88124c0d to 0x000002ab8812541c

Events (20 events):
Event: 112.219 Executing VM operation: G1CollectForAllocation
Event: 112.313 Executing VM operation: G1CollectForAllocation done
Event: 112.355 loading class com/android/build/api/component/impl/DefaultSourcesProviderImpl$getAidl$1
Event: 112.355 loading class com/android/build/api/component/impl/DefaultSourcesProviderImpl$getAidl$1 done
Event: 112.385 loading class com/android/build/gradle/tasks/GenerateBuildConfig$CreationAction$configure$1
Event: 112.385 loading class com/android/build/gradle/tasks/GenerateBuildConfig$CreationAction$configure$1 done
Event: 112.388 loading class com/android/build/gradle/tasks/GenerateBuildConfig$CreationAction$configure$2
Event: 112.388 loading class com/android/build/gradle/tasks/GenerateBuildConfig$CreationAction$configure$2 done
Event: 112.392 loading class org/gradle/api/internal/provider/MapCollectors$EntriesFromMapProvider
Event: 112.392 loading class org/gradle/api/internal/provider/MapCollectors$EntriesFromMapProvider done
Event: 112.468 loading class org/jetbrains/kotlin/gradle/tasks/TaskOutputsBackup
Event: 112.468 loading class org/jetbrains/kotlin/gradle/tasks/TaskOutputsBackup done
Event: 112.495 loading class org/jetbrains/kotlin/gradle/tasks/KotlinJavaToolchain
Event: 112.495 loading class org/jetbrains/kotlin/gradle/tasks/KotlinJavaToolchain done
Event: 112.499 loading class org/jetbrains/kotlin/gradle/tasks/KotlinCompile$ClasspathSnapshotProperties
Event: 112.499 loading class org/jetbrains/kotlin/gradle/tasks/KotlinCompile$ClasspathSnapshotProperties done
Event: 112.765 loading class org/jetbrains/kotlin/incremental/ClasspathChanges
Event: 112.773 loading class org/jetbrains/kotlin/incremental/ClasspathChanges done
Event: 112.879 loading class org/jetbrains/kotlin/gradle/internal/CompilerArgumentsContributor
Event: 112.879 loading class org/jetbrains/kotlin/gradle/internal/CompilerArgumentsContributor done


Dynamic libraries:
0x00007ff61e880000 - 0x00007ff61e88a000 	C:\Program Files\Android\Android Studio\jre\bin\java.exe
0x00007ff92df10000 - 0x00007ff92e108000 	C:\Windows\SYSTEM32\ntdll.dll
0x00007ff92ddb0000 - 0x00007ff92de6f000 	C:\Windows\System32\KERNEL32.DLL
0x00007ff92bc10000 - 0x00007ff92beea000 	C:\Windows\System32\KERNELBASE.dll
0x00007ff92b790000 - 0x00007ff92b890000 	C:\Windows\System32\ucrtbase.dll
0x00007ff9174c0000 - 0x00007ff9174d7000 	C:\Program Files\Android\Android Studio\jre\bin\jli.dll
0x00007ff92da40000 - 0x00007ff92dbdd000 	C:\Windows\System32\USER32.dll
0x00007ff92bef0000 - 0x00007ff92bf12000 	C:\Windows\System32\win32u.dll
0x00007ff92d720000 - 0x00007ff92d74b000 	C:\Windows\System32\GDI32.dll
0x00007ff92b900000 - 0x00007ff92ba10000 	C:\Windows\System32\gdi32full.dll
0x00007ff92bb70000 - 0x00007ff92bc0d000 	C:\Windows\System32\msvcp_win.dll
0x00007ff915be0000 - 0x00007ff915bfb000 	C:\Program Files\Android\Android Studio\jre\bin\VCRUNTIME140.dll
0x00007ff916770000 - 0x00007ff916a0a000 	C:\Windows\WinSxS\amd64_microsoft.windows.common-controls_6595b64144ccf1df_6.0.19041.1110_none_60b5254171f9507e\COMCTL32.dll
0x00007ff92d0b0000 - 0x00007ff92d14e000 	C:\Windows\System32\msvcrt.dll
0x00007ff92c020000 - 0x00007ff92c050000 	C:\Windows\System32\IMM32.DLL
0x00007ff91ea00000 - 0x00007ff91ea0c000 	C:\Program Files\Android\Android Studio\jre\bin\vcruntime140_1.dll
0x00007ff9157e0000 - 0x00007ff91586d000 	C:\Program Files\Android\Android Studio\jre\bin\msvcp140.dll
0x00007ff8f4210000 - 0x00007ff8f4dcc000 	C:\Program Files\Android\Android Studio\jre\bin\server\jvm.dll
0x00007ff92cb80000 - 0x00007ff92cc2e000 	C:\Windows\System32\ADVAPI32.dll
0x00007ff92ce90000 - 0x00007ff92cf2c000 	C:\Windows\System32\sechost.dll
0x00007ff92cd60000 - 0x00007ff92ce86000 	C:\Windows\System32\RPCRT4.dll
0x00007ff92d750000 - 0x00007ff92d758000 	C:\Windows\System32\PSAPI.DLL
0x00007ff924400000 - 0x00007ff924409000 	C:\Windows\SYSTEM32\WSOCK32.dll
0x00007ff92d150000 - 0x00007ff92d1bb000 	C:\Windows\System32\WS2_32.dll
0x00007ff9231b0000 - 0x00007ff9231d7000 	C:\Windows\SYSTEM32\WINMM.dll
0x00007ff9231e0000 - 0x00007ff9231ea000 	C:\Windows\SYSTEM32\VERSION.dll
0x00007ff9294e0000 - 0x00007ff9294f2000 	C:\Windows\SYSTEM32\kernel.appcore.dll
0x00007ff915e50000 - 0x00007ff915e60000 	C:\Program Files\Android\Android Studio\jre\bin\verify.dll
0x00007ff916a40000 - 0x00007ff916c24000 	C:\Windows\SYSTEM32\DBGHELP.DLL
0x00007ff910f90000 - 0x00007ff910fc4000 	C:\Windows\SYSTEM32\dbgcore.DLL
0x00007ff92b620000 - 0x00007ff92b6a2000 	C:\Windows\System32\bcryptPrimitives.dll
0x00007ff915930000 - 0x00007ff915958000 	C:\Program Files\Android\Android Studio\jre\bin\java.dll
0x00007ff915d60000 - 0x00007ff915d6a000 	C:\Program Files\Android\Android Studio\jre\bin\jimage.dll
0x00007ff915910000 - 0x00007ff915928000 	C:\Program Files\Android\Android Studio\jre\bin\zip.dll
0x00007ff92c3b0000 - 0x00007ff92caf4000 	C:\Windows\System32\SHELL32.dll
0x00007ff9296e0000 - 0x00007ff929e73000 	C:\Windows\SYSTEM32\windows.storage.dll
0x00007ff92c050000 - 0x00007ff92c3a4000 	C:\Windows\System32\combase.dll
0x00007ff92afa0000 - 0x00007ff92afce000 	C:\Windows\SYSTEM32\Wldp.dll
0x00007ff92bf70000 - 0x00007ff92c01d000 	C:\Windows\System32\SHCORE.dll
0x00007ff92d760000 - 0x00007ff92d7b5000 	C:\Windows\System32\shlwapi.dll
0x00007ff92b560000 - 0x00007ff92b57f000 	C:\Windows\SYSTEM32\profapi.dll
0x00007ff915880000 - 0x00007ff915899000 	C:\Program Files\Android\Android Studio\jre\bin\net.dll
0x00007ff91e7f0000 - 0x00007ff91e8fa000 	C:\Windows\SYSTEM32\WINHTTP.dll
0x00007ff92ad00000 - 0x00007ff92ad6a000 	C:\Windows\system32\mswsock.dll
0x00007ff915790000 - 0x00007ff9157a3000 	C:\Program Files\Android\Android Studio\jre\bin\nio.dll
0x00007ff9156f0000 - 0x00007ff915717000 	C:\Users\moh\.gradle\native\e1d6ef7f7dcc3fd88c89a11ec53ec762bb8ba0a96d01ffa2cd45eb1d1d8dd5c5\windows-amd64\native-platform.dll
0x00007ff8f40c0000 - 0x00007ff8f4204000 	C:\Users\moh\.gradle\native\0d407fdbe67a94daf76414ababcb853783967236a71b16ec16e742cd7a986fd3\windows-amd64\native-platform-file-events.dll
0x00007ff9157d0000 - 0x00007ff9157da000 	C:\Program Files\Android\Android Studio\jre\bin\management.dll
0x00007ff915780000 - 0x00007ff91578b000 	C:\Program Files\Android\Android Studio\jre\bin\management_ext.dll
0x00007ff92af00000 - 0x00007ff92af18000 	C:\Windows\SYSTEM32\CRYPTSP.dll
0x00007ff92a620000 - 0x00007ff92a654000 	C:\Windows\system32\rsaenh.dll
0x00007ff92b6b0000 - 0x00007ff92b6d7000 	C:\Windows\System32\bcrypt.dll
0x00007ff92b4e0000 - 0x00007ff92b50e000 	C:\Windows\SYSTEM32\USERENV.dll
0x00007ff92aef0000 - 0x00007ff92aefc000 	C:\Windows\SYSTEM32\CRYPTBASE.dll
0x00007ff92a9f0000 - 0x00007ff92aa2c000 	C:\Windows\SYSTEM32\IPHLPAPI.DLL
0x00007ff92d040000 - 0x00007ff92d048000 	C:\Windows\System32\NSI.dll
0x00007ff920ae0000 - 0x00007ff920af7000 	C:\Windows\SYSTEM32\dhcpcsvc6.DLL
0x00007ff920ac0000 - 0x00007ff920add000 	C:\Windows\SYSTEM32\dhcpcsvc.DLL
0x00007ff92aa30000 - 0x00007ff92aafb000 	C:\Windows\SYSTEM32\DNSAPI.dll

dbghelp: loaded successfully - version: 4.0.5 - missing functions: none
symbol engine: initialized successfully - sym options: 0x614 - pdb path: .;C:\Program Files\Android\Android Studio\jre\bin;C:\Windows\SYSTEM32;C:\Windows\WinSxS\amd64_microsoft.windows.common-controls_6595b64144ccf1df_6.0.19041.1110_none_60b5254171f9507e;C:\Program Files\Android\Android Studio\jre\bin\server;C:\Users\moh\.gradle\native\e1d6ef7f7dcc3fd88c89a11ec53ec762bb8ba0a96d01ffa2cd45eb1d1d8dd5c5\windows-amd64;C:\Users\moh\.gradle\native\0d407fdbe67a94daf76414ababcb853783967236a71b16ec16e742cd7a986fd3\windows-amd64

VM Arguments:
jvm_args: --add-opens=java.base/java.util=ALL-UNNAMED --add-opens=java.base/java.lang=ALL-UNNAMED --add-opens=java.base/java.lang.invoke=ALL-UNNAMED --add-opens=java.base/java.util=ALL-UNNAMED --add-opens=java.prefs/java.util.prefs=ALL-UNNAMED --add-opens=java.prefs/java.util.prefs=ALL-UNNAMED --add-opens=java.base/java.nio.charset=ALL-UNNAMED --add-opens=java.base/java.net=ALL-UNNAMED --add-opens=java.base/java.util.concurrent.atomic=ALL-UNNAMED -Xmx1536M -Dfile.encoding=windows-1252 -Duser.country=US -Duser.language=en -Duser.variant 
java_command: org.gradle.launcher.daemon.bootstrap.GradleDaemon 7.5
java_class_path (initial): C:\Users\moh\.gradle\wrapper\dists\gradle-7.5-all\6qsw290k5lz422uaf8jf6m7co\gradle-7.5\lib\gradle-launcher-7.5.jar
Launcher Type: SUN_STANDARD

[Global flags]
     intx CICompilerCount                          = 2                                         {product} {ergonomic}
     uint ConcGCThreads                            = 1                                         {product} {ergonomic}
     uint G1ConcRefinementThreads                  = 2                                         {product} {ergonomic}
   size_t G1HeapRegionSize                         = 1048576                                   {product} {ergonomic}
    uintx GCDrainStackTargetSize                   = 64                                        {product} {ergonomic}
   size_t InitialHeapSize                          = 58720256                                  {product} {ergonomic}
   size_t MarkStackSize                            = 4194304                                   {product} {ergonomic}
   size_t MaxHeapSize                              = 1610612736                                {product} {command line}
   size_t MaxNewSize                               = 965738496                                 {product} {ergonomic}
   size_t MinHeapDeltaBytes                        = 1048576                                   {product} {ergonomic}
    uintx NonNMethodCodeHeapSize                   = 5825164                                {pd product} {ergonomic}
    uintx NonProfiledCodeHeapSize                  = 122916538                              {pd product} {ergonomic}
    uintx ProfiledCodeHeapSize                     = 122916538                              {pd product} {ergonomic}
    uintx ReservedCodeCacheSize                    = 251658240                              {pd product} {ergonomic}
     bool SegmentedCodeCache                       = true                                      {product} {ergonomic}
     bool UseCompressedClassPointers               = true                                 {lp64_product} {ergonomic}
     bool UseCompressedOops                        = true                                 {lp64_product} {ergonomic}
     bool UseG1GC                                  = true                                      {product} {ergonomic}
     bool UseLargePagesIndividualAllocation        = false                                  {pd product} {ergonomic}

Logging:
Log output configuration:
 #0: stdout all=warning uptime,level,tags
 #1: stderr all=off uptime,level,tags

Environment Variables:
JAVA_HOME=C:\Program Files\Android\Android Studio\jre
CLASSPATH=C:\Users\moh\Desktop\newprojectflutter\android\\gradle\wrapper\gradle-wrapper.jar
PATH=C:\Program Files\Common Files\Oracle\Java\javapath;C:\Windows\system32;C:\Windows;C:\Windows\System32\Wbem;C:\Windows\System32\WindowsPowerShell\v1.0\;C:\Windows\System32\OpenSSH\;C:\Program Files\Microsoft VS Code\bin;C:\Program Files\Git\cmd;C:\Program Files\PuTTY\;C:\Users\moh\AppData\Local\Microsoft\WindowsApps;C:\Program Files\devf\flutter\bin;C:\Program Files\Java\jdk-19\bin;C:\Users\moh\AppData\Local\Programs\MiKTeX\miktex\bin\x64\;C:\Program Files\devf\flutter\bin\mingit\cmd
USERNAME=moh
OS=Windows_NT
PROCESSOR_IDENTIFIER=AMD64 Family 23 Model 24 Stepping 1, AuthenticAMD



---------------  S Y S T E M  ---------------

OS: Windows 10 , 64 bit Build 19041 (10.0.19041.2788)
OS uptime: 0 days 5:23 hours

CPU:total 2 (initial active 2) (2 cores per cpu, 1 threads per core) family 23 model 24 stepping 1 microcode 0x0, cmov, cx8, fxsr, mmx, sse, sse2, sse3, ssse3, sse4.1, sse4.2, popcnt, avx, avx2, aes, clmul, mmxext, 3dnowpref, lzcnt, sse4a, tsc, tscinvbit, tscinv, bmi1, bmi2, adx, sha, fma

Memory: 4k page, system-wide physical 3498M (83M free)
TotalPageFile size 14250M (AvailPageFile size 51M)
current process WorkingSet (physical memory assigned to process): 173M, peak: 289M
current process commit charge ("private bytes"): 558M, peak: 558M

vm_info: OpenJDK 64-Bit Server VM (11.0.15+0-b2043.56-9505619) for windows-amd64 JRE (11.0.15+0-b2043.56-9505619), built on Jan 19 2023 02:48:00 by "builduser" with unknown MS VC++:1929

END.
